[0.015s] Invoking command in '/home/el-system/Documents/T3/ws_t3/build/t3_pose_estimation': AMENT_PREFIX_PATH=/home/el-system/Documents/T3/ws_t3/install/t3_interfaces:${AMENT_PREFIX_PATH} CMAKE_PREFIX_PATH=/home/el-system/Documents/T3/ws_t3/install/t3_interfaces:/home/el-system/drone/drone_guidance/install/vision_video:/home/el-system/drone/drone_guidance/install/vision:/home/el-system/ros2_ws/install/mid360_simulation:/home/el-system/KRTI_2026_PX4/install/vision_video:/home/el-system/KRTI_2026_PX4/install/vision_krti:/home/el-system/KRTI_2026_PX4/install/vision_drop:/home/el-system/KRTI_2026_PX4/install/control:/opt/ros/humble LD_LIBRARY_PATH=/home/el-system/Documents/T3/ws_t3/install/t3_interfaces/lib:${LD_LIBRARY_PATH} PYTHONPATH=/home/el-system/Documents/T3/ws_t3/install/t3_interfaces/local/lib/python3.10/dist-packages:${PYTHONPATH} /usr/local/bin/cmake /home/el-system/Documents/T3/ws_t3/src/t3_pose_estimation -DAMENT_CMAKE_SYMLINK_INSTALL=1 -DCMAKE_INSTALL_PREFIX=/home/el-system/Documents/T3/ws_t3/install/t3_pose_estimation
[0.019s] CMake Deprecation Warning at CMakeLists.txt:1 (cmake_minimum_required):
[0.019s]   Compatibility with CMake < 3.10 will be removed from a future version of
[0.019s]   CMake.
[0.020s] 
[0.020s]   Update the VERSION argument <min> value.  Or, use the <min>...<max> syntax
[0.020s]   to tell CMake that the project requires at least <min> but has been updated
[0.020s]   to work with policies introduced by <max> or earlier.
[0.020s] 
[0.020s] 
[0.026s] -- Found ament_cmake: 1.3.14 (/opt/ros/humble/share/ament_cmake/cmake)
[0.271s] -- Override CMake install command with custom implementation using symlinks instead of copying resources
[0.278s] -- Found rclcpp: 16.0.19 (/opt/ros/humble/share/rclcpp/cmake)
[0.316s] -- Found rosidl_generator_c: 3.1.8 (/opt/ros/humble/share/rosidl_generator_c/cmake)
[0.319s] -- Found rosidl_adapter: 3.1.8 (/opt/ros/humble/share/rosidl_adapter/cmake)
[0.326s] -- Found rosidl_generator_cpp: 3.1.8 (/opt/ros/humble/share/rosidl_generator_cpp/cmake)
[0.339s] -- Using all available rosidl_typesupport_c: rosidl_typesupport_fastrtps_c;rosidl_typesupport_introspection_c
[0.357s] -- Using all available rosidl_typesupport_cpp: rosidl_typesupport_fastrtps_cpp;rosidl_typesupport_introspection_cpp
[0.402s] -- Found rmw_implementation_cmake: 6.1.2 (/opt/ros/humble/share/rmw_implementation_cmake/cmake)
[0.404s] -- Found rmw_fastrtps_cpp: 6.2.10 (/opt/ros/humble/share/rmw_fastrtps_cpp/cmake)
[0.577s] -- Using RMW implementation 'rmw_fastrtps_cpp' as default
[0.663s] -- Found sensor_msgs: 4.9.1 (/opt/ros/humble/share/sensor_msgs/cmake)
[0.712s] -- Found nav_msgs: 4.9.1 (/opt/ros/humble/share/nav_msgs/cmake)
[0.741s] -- Found tf2_ros: 0.25.20 (/opt/ros/humble/share/tf2_ros/cmake)
[0.870s] -- Found cv_bridge: 3.2.1 (/opt/ros/humble/share/cv_bridge/cmake)
[0.876s] -- Found t3_interfaces: 0.1.0 (/home/el-system/Documents/T3/ws_t3/install/t3_interfaces/share/t3_interfaces/cmake)
[0.901s] CMake Error at /opt/cmake-4.1.2-linux-x86_64/share/cmake-4.1/Modules/FindPackageHandleStandardArgs.cmake:227 (message):
[0.901s]   Could NOT find OpenCV (missing: video) (found version "4.10.0")
[0.901s] Call Stack (most recent call first):
[0.901s]   /opt/cmake-4.1.2-linux-x86_64/share/cmake-4.1/Modules/FindPackageHandleStandardArgs.cmake:591 (_FPHSA_FAILURE_MESSAGE)
[0.901s]   /home/el-system/.local/opencv-4.10/lib/cmake/opencv4/OpenCVConfig.cmake:354 (find_package_handle_standard_args)
[0.901s]   CMakeLists.txt:24 (find_package)
[0.902s] 
[0.902s] 
[0.902s] -- Configuring incomplete, errors occurred!
[0.908s] Invoked command in '/home/el-system/Documents/T3/ws_t3/build/t3_pose_estimation' returned '1': AMENT_PREFIX_PATH=/home/el-system/Documents/T3/ws_t3/install/t3_interfaces:${AMENT_PREFIX_PATH} CMAKE_PREFIX_PATH=/home/el-system/Documents/T3/ws_t3/install/t3_interfaces:/home/el-system/drone/drone_guidance/install/vision_video:/home/el-system/drone/drone_guidance/install/vision:/home/el-system/ros2_ws/install/mid360_simulation:/home/el-system/KRTI_2026_PX4/install/vision_video:/home/el-system/KRTI_2026_PX4/install/vision_krti:/home/el-system/KRTI_2026_PX4/install/vision_drop:/home/el-system/KRTI_2026_PX4/install/control:/opt/ros/humble LD_LIBRARY_PATH=/home/el-system/Documents/T3/ws_t3/install/t3_interfaces/lib:${LD_LIBRARY_PATH} PYTHONPATH=/home/el-system/Documents/T3/ws_t3/install/t3_interfaces/local/lib/python3.10/dist-packages:${PYTHONPATH} /usr/local/bin/cmake /home/el-system/Documents/T3/ws_t3/src/t3_pose_estimation -DAMENT_CMAKE_SYMLINK_INSTALL=1 -DCMAKE_INSTALL_PREFIX=/home/el-system/Documents/T3/ws_t3/install/t3_pose_estimation
