[0.104s] DEBUG:colcon:Command line arguments: ['/usr/bin/colcon', 'build', '--symlink-install']
[0.104s] DEBUG:colcon:Parsed command line arguments: Namespace(log_base=None, log_level=None, verb_name='build', build_base='build', install_base='install', merge_install=False, symlink_install=True, test_result_base=None, continue_on_error=False, executor='parallel', parallel_workers=12, event_handlers=None, ignore_user_meta=False, metas=['./colcon.meta'], base_paths=['.'], packages_ignore=None, packages_ignore_regex=None, paths=None, packages_up_to=None, packages_up_to_regex=None, packages_above=None, packages_above_and_dependencies=None, packages_above_depth=None, packages_select_by_dep=None, packages_skip_by_dep=None, packages_skip_up_to=None, packages_select_build_failed=False, packages_skip_build_finished=False, packages_select_test_failures=False, packages_skip_test_passed=False, packages_select=None, packages_skip=None, packages_select_regex=None, packages_skip_regex=None, packages_start=None, packages_end=None, allow_overriding=[], cmake_args=None, cmake_target=None, cmake_target_skip_unavailable=False, cmake_clean_cache=False, cmake_clean_first=False, cmake_force_configure=False, ament_cmake_args=None, catkin_cmake_args=None, catkin_skip_building_tests=False, mixin_files=None, mixin=None, verb_parser=<colcon_mixin.mixin.mixin_argument.MixinArgumentDecorator object at 0x7d48c0eac970>, verb_extension=<colcon_core.verb.build.BuildVerb object at 0x7d48c0eac340>, main=<bound method BuildVerb.main of <colcon_core.verb.build.BuildVerb object at 0x7d48c0eac340>>, mixin_verb=('build',))
[0.252s] Level 1:colcon.colcon_core.package_discovery:discover_packages(colcon_meta) check parameters
[0.252s] Level 1:colcon.colcon_core.package_discovery:discover_packages(recursive) check parameters
[0.252s] Level 1:colcon.colcon_core.package_discovery:discover_packages(ignore) check parameters
[0.252s] Level 1:colcon.colcon_core.package_discovery:discover_packages(path) check parameters
[0.252s] Level 1:colcon.colcon_core.package_discovery:discover_packages(colcon_meta) discover
[0.252s] Level 1:colcon.colcon_core.package_discovery:discover_packages(recursive) discover
[0.253s] INFO:colcon.colcon_core.package_discovery:Crawling recursively for packages in '/home/el-system/Documents/T3/ws_t3'
[0.253s] Level 1:colcon.colcon_core.package_identification:_identify(.) by extensions ['ignore', 'ignore_ament_install']
[0.253s] Level 1:colcon.colcon_core.package_identification:_identify(.) by extension 'ignore'
[0.253s] Level 1:colcon.colcon_core.package_identification:_identify(.) by extension 'ignore_ament_install'
[0.253s] Level 1:colcon.colcon_core.package_identification:_identify(.) by extensions ['colcon_pkg']
[0.253s] Level 1:colcon.colcon_core.package_identification:_identify(.) by extension 'colcon_pkg'
[0.253s] Level 1:colcon.colcon_core.package_identification:_identify(.) by extensions ['colcon_meta']
[0.253s] Level 1:colcon.colcon_core.package_identification:_identify(.) by extension 'colcon_meta'
[0.253s] Level 1:colcon.colcon_core.package_identification:_identify(.) by extensions ['ros']
[0.253s] Level 1:colcon.colcon_core.package_identification:_identify(.) by extension 'ros'
[0.289s] Level 1:colcon.colcon_core.package_identification:_identify(.) by extensions ['cmake', 'python']
[0.289s] Level 1:colcon.colcon_core.package_identification:_identify(.) by extension 'cmake'
[0.289s] Level 1:colcon.colcon_core.package_identification:_identify(.) by extension 'python'
[0.289s] Level 1:colcon.colcon_core.package_identification:_identify(.) by extensions ['python_setup_py']
[0.290s] Level 1:colcon.colcon_core.package_identification:_identify(.) by extension 'python_setup_py'
[0.290s] Level 1:colcon.colcon_core.package_identification:_identify(build) by extensions ['ignore', 'ignore_ament_install']
[0.290s] Level 1:colcon.colcon_core.package_identification:_identify(build) by extension 'ignore'
[0.290s] Level 1:colcon.colcon_core.package_identification:_identify(build) ignored
[0.290s] Level 1:colcon.colcon_core.package_identification:_identify(install) by extensions ['ignore', 'ignore_ament_install']
[0.290s] Level 1:colcon.colcon_core.package_identification:_identify(install) by extension 'ignore'
[0.290s] Level 1:colcon.colcon_core.package_identification:_identify(install) ignored
[0.290s] Level 1:colcon.colcon_core.package_identification:_identify(log) by extensions ['ignore', 'ignore_ament_install']
[0.290s] Level 1:colcon.colcon_core.package_identification:_identify(log) by extension 'ignore'
[0.290s] Level 1:colcon.colcon_core.package_identification:_identify(log) ignored
[0.290s] Level 1:colcon.colcon_core.package_identification:_identify(src) by extensions ['ignore', 'ignore_ament_install']
[0.290s] Level 1:colcon.colcon_core.package_identification:_identify(src) by extension 'ignore'
[0.290s] Level 1:colcon.colcon_core.package_identification:_identify(src) by extension 'ignore_ament_install'
[0.290s] Level 1:colcon.colcon_core.package_identification:_identify(src) by extensions ['colcon_pkg']
[0.290s] Level 1:colcon.colcon_core.package_identification:_identify(src) by extension 'colcon_pkg'
[0.290s] Level 1:colcon.colcon_core.package_identification:_identify(src) by extensions ['colcon_meta']
[0.290s] Level 1:colcon.colcon_core.package_identification:_identify(src) by extension 'colcon_meta'
[0.290s] Level 1:colcon.colcon_core.package_identification:_identify(src) by extensions ['ros']
[0.290s] Level 1:colcon.colcon_core.package_identification:_identify(src) by extension 'ros'
[0.290s] Level 1:colcon.colcon_core.package_identification:_identify(src) by extensions ['cmake', 'python']
[0.291s] Level 1:colcon.colcon_core.package_identification:_identify(src) by extension 'cmake'
[0.291s] Level 1:colcon.colcon_core.package_identification:_identify(src) by extension 'python'
[0.291s] Level 1:colcon.colcon_core.package_identification:_identify(src) by extensions ['python_setup_py']
[0.291s] Level 1:colcon.colcon_core.package_identification:_identify(src) by extension 'python_setup_py'
[0.291s] Level 1:colcon.colcon_core.package_identification:_identify(src/t3_interfaces) by extensions ['ignore', 'ignore_ament_install']
[0.291s] Level 1:colcon.colcon_core.package_identification:_identify(src/t3_interfaces) by extension 'ignore'
[0.291s] Level 1:colcon.colcon_core.package_identification:_identify(src/t3_interfaces) by extension 'ignore_ament_install'
[0.291s] Level 1:colcon.colcon_core.package_identification:_identify(src/t3_interfaces) by extensions ['colcon_pkg']
[0.291s] Level 1:colcon.colcon_core.package_identification:_identify(src/t3_interfaces) by extension 'colcon_pkg'
[0.291s] Level 1:colcon.colcon_core.package_identification:_identify(src/t3_interfaces) by extensions ['colcon_meta']
[0.291s] Level 1:colcon.colcon_core.package_identification:_identify(src/t3_interfaces) by extension 'colcon_meta'
[0.291s] Level 1:colcon.colcon_core.package_identification:_identify(src/t3_interfaces) by extensions ['ros']
[0.291s] Level 1:colcon.colcon_core.package_identification:_identify(src/t3_interfaces) by extension 'ros'
[0.294s] DEBUG:colcon.colcon_core.package_identification:Package 'src/t3_interfaces' with type 'ros.ament_cmake' and name 't3_interfaces'
[0.294s] Level 1:colcon.colcon_core.package_identification:_identify(src/t3_pose_estimation) by extensions ['ignore', 'ignore_ament_install']
[0.294s] Level 1:colcon.colcon_core.package_identification:_identify(src/t3_pose_estimation) by extension 'ignore'
[0.294s] Level 1:colcon.colcon_core.package_identification:_identify(src/t3_pose_estimation) by extension 'ignore_ament_install'
[0.294s] Level 1:colcon.colcon_core.package_identification:_identify(src/t3_pose_estimation) by extensions ['colcon_pkg']
[0.294s] Level 1:colcon.colcon_core.package_identification:_identify(src/t3_pose_estimation) by extension 'colcon_pkg'
[0.294s] Level 1:colcon.colcon_core.package_identification:_identify(src/t3_pose_estimation) by extensions ['colcon_meta']
[0.294s] Level 1:colcon.colcon_core.package_identification:_identify(src/t3_pose_estimation) by extension 'colcon_meta'
[0.294s] Level 1:colcon.colcon_core.package_identification:_identify(src/t3_pose_estimation) by extensions ['ros']
[0.295s] Level 1:colcon.colcon_core.package_identification:_identify(src/t3_pose_estimation) by extension 'ros'
[0.295s] DEBUG:colcon.colcon_core.package_identification:Package 'src/t3_pose_estimation' with type 'ros.ament_cmake' and name 't3_pose_estimation'
[0.295s] Level 1:colcon.colcon_core.package_discovery:discover_packages(recursive) using defaults
[0.296s] Level 1:colcon.colcon_core.package_discovery:discover_packages(ignore) discover
[0.296s] Level 1:colcon.colcon_core.package_discovery:discover_packages(ignore) using defaults
[0.296s] Level 1:colcon.colcon_core.package_discovery:discover_packages(path) discover
[0.296s] Level 1:colcon.colcon_core.package_discovery:discover_packages(path) using defaults
[0.316s] Level 1:colcon.colcon_core.package_discovery:discover_packages(prefix_path) check parameters
[0.316s] Level 1:colcon.colcon_core.package_discovery:discover_packages(prefix_path) discover
[0.318s] DEBUG:colcon.colcon_installed_package_information.package_discovery:Found 2 installed packages in /home/el-system/drone/drone_guidance/install
[0.319s] DEBUG:colcon.colcon_installed_package_information.package_discovery:Found 4 installed packages in /home/el-system/ros2_ws/install
[0.319s] DEBUG:colcon.colcon_installed_package_information.package_discovery:Found 4 installed packages in /home/el-system/KRTI_2026_PX4/install
[0.320s] DEBUG:colcon.colcon_installed_package_information.package_discovery:Found 296 installed packages in /opt/ros/humble
[0.321s] Level 1:colcon.colcon_core.package_discovery:discover_packages(prefix_path) using defaults
[0.355s] Level 5:colcon.colcon_core.verb:set package 't3_interfaces' build argument 'cmake_args' from command line to 'None'
[0.355s] Level 5:colcon.colcon_core.verb:set package 't3_interfaces' build argument 'cmake_target' from command line to 'None'
[0.355s] Level 5:colcon.colcon_core.verb:set package 't3_interfaces' build argument 'cmake_target_skip_unavailable' from command line to 'False'
[0.355s] Level 5:colcon.colcon_core.verb:set package 't3_interfaces' build argument 'cmake_clean_cache' from command line to 'False'
[0.355s] Level 5:colcon.colcon_core.verb:set package 't3_interfaces' build argument 'cmake_clean_first' from command line to 'False'
[0.355s] Level 5:colcon.colcon_core.verb:set package 't3_interfaces' build argument 'cmake_force_configure' from command line to 'False'
[0.355s] Level 5:colcon.colcon_core.verb:set package 't3_interfaces' build argument 'ament_cmake_args' from command line to 'None'
[0.355s] Level 5:colcon.colcon_core.verb:set package 't3_interfaces' build argument 'catkin_cmake_args' from command line to 'None'
[0.355s] Level 5:colcon.colcon_core.verb:set package 't3_interfaces' build argument 'catkin_skip_building_tests' from command line to 'False'
[0.355s] DEBUG:colcon.colcon_core.verb:Building package 't3_interfaces' with the following arguments: {'ament_cmake_args': None, 'build_base': '/home/el-system/Documents/T3/ws_t3/build/t3_interfaces', 'catkin_cmake_args': None, 'catkin_skip_building_tests': False, 'cmake_args': None, 'cmake_clean_cache': False, 'cmake_clean_first': False, 'cmake_force_configure': False, 'cmake_target': None, 'cmake_target_skip_unavailable': False, 'install_base': '/home/el-system/Documents/T3/ws_t3/install/t3_interfaces', 'merge_install': False, 'path': '/home/el-system/Documents/T3/ws_t3/src/t3_interfaces', 'symlink_install': True, 'test_result_base': None}
[0.355s] Level 5:colcon.colcon_core.verb:set package 't3_pose_estimation' build argument 'cmake_args' from command line to 'None'
[0.355s] Level 5:colcon.colcon_core.verb:set package 't3_pose_estimation' build argument 'cmake_target' from command line to 'None'
[0.355s] Level 5:colcon.colcon_core.verb:set package 't3_pose_estimation' build argument 'cmake_target_skip_unavailable' from command line to 'False'
[0.355s] Level 5:colcon.colcon_core.verb:set package 't3_pose_estimation' build argument 'cmake_clean_cache' from command line to 'False'
[0.355s] Level 5:colcon.colcon_core.verb:set package 't3_pose_estimation' build argument 'cmake_clean_first' from command line to 'False'
[0.355s] Level 5:colcon.colcon_core.verb:set package 't3_pose_estimation' build argument 'cmake_force_configure' from command line to 'False'
[0.355s] Level 5:colcon.colcon_core.verb:set package 't3_pose_estimation' build argument 'ament_cmake_args' from command line to 'None'
[0.355s] Level 5:colcon.colcon_core.verb:set package 't3_pose_estimation' build argument 'catkin_cmake_args' from command line to 'None'
[0.355s] Level 5:colcon.colcon_core.verb:set package 't3_pose_estimation' build argument 'catkin_skip_building_tests' from command line to 'False'
[0.355s] DEBUG:colcon.colcon_core.verb:Building package 't3_pose_estimation' with the following arguments: {'ament_cmake_args': None, 'build_base': '/home/el-system/Documents/T3/ws_t3/build/t3_pose_estimation', 'catkin_cmake_args': None, 'catkin_skip_building_tests': False, 'cmake_args': None, 'cmake_clean_cache': False, 'cmake_clean_first': False, 'cmake_force_configure': False, 'cmake_target': None, 'cmake_target_skip_unavailable': False, 'install_base': '/home/el-system/Documents/T3/ws_t3/install/t3_pose_estimation', 'merge_install': False, 'path': '/home/el-system/Documents/T3/ws_t3/src/t3_pose_estimation', 'symlink_install': True, 'test_result_base': None}
[0.356s] INFO:colcon.colcon_core.executor:Executing jobs using 'parallel' executor
[0.357s] DEBUG:colcon.colcon_parallel_executor.executor.parallel:run_until_complete
[0.357s] INFO:colcon.colcon_ros.task.ament_cmake.build:Building ROS package in '/home/el-system/Documents/T3/ws_t3/src/t3_interfaces' with build type 'ament_cmake'
[0.357s] INFO:colcon.colcon_cmake.task.cmake.build:Building CMake package in '/home/el-system/Documents/T3/ws_t3/src/t3_interfaces'
[0.361s] INFO:colcon.colcon_core.plugin_system:Skipping extension 'colcon_core.shell.bat': Not used on non-Windows systems
[0.361s] INFO:colcon.colcon_core.shell:Skip shell extension 'powershell' for command environment: Not usable outside of PowerShell
[0.361s] DEBUG:colcon.colcon_core.shell:Skip shell extension 'dsv' for command environment
[0.374s] DEBUG:colcon.colcon_core.event_handler.log_command:Invoking command in '/home/el-system/Documents/T3/ws_t3/build/t3_interfaces': CMAKE_PREFIX_PATH=${CMAKE_PREFIX_PATH}:/opt/ros/humble /usr/local/bin/cmake /home/el-system/Documents/T3/ws_t3/src/t3_interfaces -DAMENT_CMAKE_SYMLINK_INSTALL=1 -DCMAKE_INSTALL_PREFIX=/home/el-system/Documents/T3/ws_t3/install/t3_interfaces
[3.990s] DEBUG:colcon.colcon_core.event_handler.log_command:Invoked command in '/home/el-system/Documents/T3/ws_t3/build/t3_interfaces' returned '0': CMAKE_PREFIX_PATH=${CMAKE_PREFIX_PATH}:/opt/ros/humble /usr/local/bin/cmake /home/el-system/Documents/T3/ws_t3/src/t3_interfaces -DAMENT_CMAKE_SYMLINK_INSTALL=1 -DCMAKE_INSTALL_PREFIX=/home/el-system/Documents/T3/ws_t3/install/t3_interfaces
[3.993s] DEBUG:colcon.colcon_core.event_handler.log_command:Invoking command in '/home/el-system/Documents/T3/ws_t3/build/t3_interfaces': CMAKE_PREFIX_PATH=${CMAKE_PREFIX_PATH}:/opt/ros/humble /usr/local/bin/cmake --build /home/el-system/Documents/T3/ws_t3/build/t3_interfaces -- -j12 -l12
[7.050s] DEBUG:colcon.colcon_core.event_handler.log_command:Invoked command in '/home/el-system/Documents/T3/ws_t3/build/t3_interfaces' returned '0': CMAKE_PREFIX_PATH=${CMAKE_PREFIX_PATH}:/opt/ros/humble /usr/local/bin/cmake --build /home/el-system/Documents/T3/ws_t3/build/t3_interfaces -- -j12 -l12
[7.057s] DEBUG:colcon.colcon_core.event_handler.log_command:Invoking command in '/home/el-system/Documents/T3/ws_t3/build/t3_interfaces': CMAKE_PREFIX_PATH=${CMAKE_PREFIX_PATH}:/opt/ros/humble /usr/local/bin/cmake --install /home/el-system/Documents/T3/ws_t3/build/t3_interfaces
[7.337s] Level 1:colcon.colcon_core.environment:create_environment_scripts_only(t3_interfaces)
[7.339s] DEBUG:colcon.colcon_core.event_handler.log_command:Invoked command in '/home/el-system/Documents/T3/ws_t3/build/t3_interfaces' returned '0': CMAKE_PREFIX_PATH=${CMAKE_PREFIX_PATH}:/opt/ros/humble /usr/local/bin/cmake --install /home/el-system/Documents/T3/ws_t3/build/t3_interfaces
[7.341s] Level 1:colcon.colcon_core.environment:checking '/home/el-system/Documents/T3/ws_t3/install/t3_interfaces' for CMake module files
[7.341s] Level 1:colcon.colcon_core.environment:checking '/home/el-system/Documents/T3/ws_t3/install/t3_interfaces' for CMake config files
[7.341s] Level 1:colcon.colcon_core.shell:create_environment_hook('t3_interfaces', 'cmake_prefix_path')
[7.342s] INFO:colcon.colcon_core.shell:Creating environment hook '/home/el-system/Documents/T3/ws_t3/install/t3_interfaces/share/t3_interfaces/hook/cmake_prefix_path.ps1'
[7.342s] INFO:colcon.colcon_core.shell:Creating environment descriptor '/home/el-system/Documents/T3/ws_t3/install/t3_interfaces/share/t3_interfaces/hook/cmake_prefix_path.dsv'
[7.342s] INFO:colcon.colcon_core.shell:Creating environment hook '/home/el-system/Documents/T3/ws_t3/install/t3_interfaces/share/t3_interfaces/hook/cmake_prefix_path.sh'
[7.343s] Level 1:colcon.colcon_core.environment:checking '/home/el-system/Documents/T3/ws_t3/install/t3_interfaces/lib'
[7.343s] Level 1:colcon.colcon_core.shell:create_environment_hook('t3_interfaces', 'ld_library_path_lib')
[7.343s] INFO:colcon.colcon_core.shell:Creating environment hook '/home/el-system/Documents/T3/ws_t3/install/t3_interfaces/share/t3_interfaces/hook/ld_library_path_lib.ps1'
[7.343s] INFO:colcon.colcon_core.shell:Creating environment descriptor '/home/el-system/Documents/T3/ws_t3/install/t3_interfaces/share/t3_interfaces/hook/ld_library_path_lib.dsv'
[7.344s] INFO:colcon.colcon_core.shell:Creating environment hook '/home/el-system/Documents/T3/ws_t3/install/t3_interfaces/share/t3_interfaces/hook/ld_library_path_lib.sh'
[7.344s] Level 1:colcon.colcon_core.environment:checking '/home/el-system/Documents/T3/ws_t3/install/t3_interfaces/bin'
[7.344s] Level 1:colcon.colcon_core.environment:checking '/home/el-system/Documents/T3/ws_t3/install/t3_interfaces/lib/pkgconfig/t3_interfaces.pc'
[7.344s] Level 1:colcon.colcon_core.environment:checking '/home/el-system/Documents/T3/ws_t3/install/t3_interfaces/lib/python3.10/site-packages'
[7.344s] Level 1:colcon.colcon_core.environment:checking '/home/el-system/Documents/T3/ws_t3/install/t3_interfaces/bin'
[7.344s] INFO:colcon.colcon_core.shell:Creating package script '/home/el-system/Documents/T3/ws_t3/install/t3_interfaces/share/t3_interfaces/package.ps1'
[7.345s] INFO:colcon.colcon_core.shell:Creating package descriptor '/home/el-system/Documents/T3/ws_t3/install/t3_interfaces/share/t3_interfaces/package.dsv'
[7.346s] INFO:colcon.colcon_core.shell:Creating package script '/home/el-system/Documents/T3/ws_t3/install/t3_interfaces/share/t3_interfaces/package.sh'
[7.346s] INFO:colcon.colcon_core.shell:Creating package script '/home/el-system/Documents/T3/ws_t3/install/t3_interfaces/share/t3_interfaces/package.bash'
[7.347s] INFO:colcon.colcon_core.shell:Creating package script '/home/el-system/Documents/T3/ws_t3/install/t3_interfaces/share/t3_interfaces/package.zsh'
[7.347s] Level 1:colcon.colcon_core.environment:create_file_with_runtime_dependencies(/home/el-system/Documents/T3/ws_t3/install/t3_interfaces/share/colcon-core/packages/t3_interfaces)
[7.348s] Level 1:colcon.colcon_core.environment:create_environment_scripts_only(t3_interfaces)
[7.348s] Level 1:colcon.colcon_core.environment:checking '/home/el-system/Documents/T3/ws_t3/install/t3_interfaces' for CMake module files
[7.348s] Level 1:colcon.colcon_core.environment:checking '/home/el-system/Documents/T3/ws_t3/install/t3_interfaces' for CMake config files
[7.348s] Level 1:colcon.colcon_core.shell:create_environment_hook('t3_interfaces', 'cmake_prefix_path')
[7.348s] INFO:colcon.colcon_core.shell:Creating environment hook '/home/el-system/Documents/T3/ws_t3/install/t3_interfaces/share/t3_interfaces/hook/cmake_prefix_path.ps1'
[7.349s] INFO:colcon.colcon_core.shell:Creating environment descriptor '/home/el-system/Documents/T3/ws_t3/install/t3_interfaces/share/t3_interfaces/hook/cmake_prefix_path.dsv'
[7.349s] INFO:colcon.colcon_core.shell:Creating environment hook '/home/el-system/Documents/T3/ws_t3/install/t3_interfaces/share/t3_interfaces/hook/cmake_prefix_path.sh'
[7.349s] Level 1:colcon.colcon_core.environment:checking '/home/el-system/Documents/T3/ws_t3/install/t3_interfaces/lib'
[7.349s] Level 1:colcon.colcon_core.shell:create_environment_hook('t3_interfaces', 'ld_library_path_lib')
[7.349s] INFO:colcon.colcon_core.shell:Creating environment hook '/home/el-system/Documents/T3/ws_t3/install/t3_interfaces/share/t3_interfaces/hook/ld_library_path_lib.ps1'
[7.349s] INFO:colcon.colcon_core.shell:Creating environment descriptor '/home/el-system/Documents/T3/ws_t3/install/t3_interfaces/share/t3_interfaces/hook/ld_library_path_lib.dsv'
[7.350s] INFO:colcon.colcon_core.shell:Creating environment hook '/home/el-system/Documents/T3/ws_t3/install/t3_interfaces/share/t3_interfaces/hook/ld_library_path_lib.sh'
[7.350s] Level 1:colcon.colcon_core.environment:checking '/home/el-system/Documents/T3/ws_t3/install/t3_interfaces/bin'
[7.350s] Level 1:colcon.colcon_core.environment:checking '/home/el-system/Documents/T3/ws_t3/install/t3_interfaces/lib/pkgconfig/t3_interfaces.pc'
[7.350s] Level 1:colcon.colcon_core.environment:checking '/home/el-system/Documents/T3/ws_t3/install/t3_interfaces/lib/python3.10/site-packages'
[7.350s] Level 1:colcon.colcon_core.environment:checking '/home/el-system/Documents/T3/ws_t3/install/t3_interfaces/bin'
[7.350s] INFO:colcon.colcon_core.shell:Creating package script '/home/el-system/Documents/T3/ws_t3/install/t3_interfaces/share/t3_interfaces/package.ps1'
[7.351s] INFO:colcon.colcon_core.shell:Creating package descriptor '/home/el-system/Documents/T3/ws_t3/install/t3_interfaces/share/t3_interfaces/package.dsv'
[7.351s] INFO:colcon.colcon_core.shell:Creating package script '/home/el-system/Documents/T3/ws_t3/install/t3_interfaces/share/t3_interfaces/package.sh'
[7.351s] INFO:colcon.colcon_core.shell:Creating package script '/home/el-system/Documents/T3/ws_t3/install/t3_interfaces/share/t3_interfaces/package.bash'
[7.352s] INFO:colcon.colcon_core.shell:Creating package script '/home/el-system/Documents/T3/ws_t3/install/t3_interfaces/share/t3_interfaces/package.zsh'
[7.352s] Level 1:colcon.colcon_core.environment:create_file_with_runtime_dependencies(/home/el-system/Documents/T3/ws_t3/install/t3_interfaces/share/colcon-core/packages/t3_interfaces)
[7.352s] INFO:colcon.colcon_ros.task.ament_cmake.build:Building ROS package in '/home/el-system/Documents/T3/ws_t3/src/t3_pose_estimation' with build type 'ament_cmake'
[7.352s] INFO:colcon.colcon_cmake.task.cmake.build:Building CMake package in '/home/el-system/Documents/T3/ws_t3/src/t3_pose_estimation'
[7.352s] INFO:colcon.colcon_core.shell:Skip shell extension 'powershell' for command environment: Not usable outside of PowerShell
[7.352s] DEBUG:colcon.colcon_core.shell:Skip shell extension 'dsv' for command environment
[7.363s] DEBUG:colcon.colcon_core.event_handler.log_command:Invoking command in '/home/el-system/Documents/T3/ws_t3/build/t3_pose_estimation': AMENT_PREFIX_PATH=/home/el-system/Documents/T3/ws_t3/install/t3_interfaces:${AMENT_PREFIX_PATH} CMAKE_PREFIX_PATH=/home/el-system/Documents/T3/ws_t3/install/t3_interfaces:/home/el-system/drone/drone_guidance/install/vision_video:/home/el-system/drone/drone_guidance/install/vision:/home/el-system/ros2_ws/install/mid360_simulation:/home/el-system/KRTI_2026_PX4/install/vision_video:/home/el-system/KRTI_2026_PX4/install/vision_krti:/home/el-system/KRTI_2026_PX4/install/vision_drop:/home/el-system/KRTI_2026_PX4/install/control:/opt/ros/humble LD_LIBRARY_PATH=/home/el-system/Documents/T3/ws_t3/install/t3_interfaces/lib:${LD_LIBRARY_PATH} PYTHONPATH=/home/el-system/Documents/T3/ws_t3/install/t3_interfaces/local/lib/python3.10/dist-packages:${PYTHONPATH} /usr/local/bin/cmake /home/el-system/Documents/T3/ws_t3/src/t3_pose_estimation -DAMENT_CMAKE_SYMLINK_INSTALL=1 -DCMAKE_INSTALL_PREFIX=/home/el-system/Documents/T3/ws_t3/install/t3_pose_estimation
[8.706s] DEBUG:colcon.colcon_core.event_handler.log_command:Invoked command in '/home/el-system/Documents/T3/ws_t3/build/t3_pose_estimation' returned '1': AMENT_PREFIX_PATH=/home/el-system/Documents/T3/ws_t3/install/t3_interfaces:${AMENT_PREFIX_PATH} CMAKE_PREFIX_PATH=/home/el-system/Documents/T3/ws_t3/install/t3_interfaces:/home/el-system/drone/drone_guidance/install/vision_video:/home/el-system/drone/drone_guidance/install/vision:/home/el-system/ros2_ws/install/mid360_simulation:/home/el-system/KRTI_2026_PX4/install/vision_video:/home/el-system/KRTI_2026_PX4/install/vision_krti:/home/el-system/KRTI_2026_PX4/install/vision_drop:/home/el-system/KRTI_2026_PX4/install/control:/opt/ros/humble LD_LIBRARY_PATH=/home/el-system/Documents/T3/ws_t3/install/t3_interfaces/lib:${LD_LIBRARY_PATH} PYTHONPATH=/home/el-system/Documents/T3/ws_t3/install/t3_interfaces/local/lib/python3.10/dist-packages:${PYTHONPATH} /usr/local/bin/cmake /home/el-system/Documents/T3/ws_t3/src/t3_pose_estimation -DAMENT_CMAKE_SYMLINK_INSTALL=1 -DCMAKE_INSTALL_PREFIX=/home/el-system/Documents/T3/ws_t3/install/t3_pose_estimation
[8.713s] Level 1:colcon.colcon_core.environment:create_environment_scripts_only(t3_pose_estimation)
[8.713s] Level 1:colcon.colcon_core.environment:checking '/home/el-system/Documents/T3/ws_t3/install/t3_pose_estimation' for CMake module files
[8.713s] Level 1:colcon.colcon_core.environment:checking '/home/el-system/Documents/T3/ws_t3/install/t3_pose_estimation' for CMake config files
[8.713s] Level 1:colcon.colcon_core.environment:checking '/home/el-system/Documents/T3/ws_t3/install/t3_pose_estimation/bin'
[8.713s] Level 1:colcon.colcon_core.environment:checking '/home/el-system/Documents/T3/ws_t3/install/t3_pose_estimation/lib/pkgconfig/t3_pose_estimation.pc'
[8.713s] Level 1:colcon.colcon_core.environment:checking '/home/el-system/Documents/T3/ws_t3/install/t3_pose_estimation/lib/python3.10/site-packages'
[8.714s] Level 1:colcon.colcon_core.environment:checking '/home/el-system/Documents/T3/ws_t3/install/t3_pose_estimation/bin'
[8.714s] INFO:colcon.colcon_core.shell:Creating package script '/home/el-system/Documents/T3/ws_t3/install/t3_pose_estimation/share/t3_pose_estimation/package.ps1'
[8.714s] INFO:colcon.colcon_core.shell:Creating package descriptor '/home/el-system/Documents/T3/ws_t3/install/t3_pose_estimation/share/t3_pose_estimation/package.dsv'
[8.714s] INFO:colcon.colcon_core.shell:Creating package script '/home/el-system/Documents/T3/ws_t3/install/t3_pose_estimation/share/t3_pose_estimation/package.sh'
[8.715s] INFO:colcon.colcon_core.shell:Creating package script '/home/el-system/Documents/T3/ws_t3/install/t3_pose_estimation/share/t3_pose_estimation/package.bash'
[8.715s] INFO:colcon.colcon_core.shell:Creating package script '/home/el-system/Documents/T3/ws_t3/install/t3_pose_estimation/share/t3_pose_estimation/package.zsh'
[8.715s] Level 1:colcon.colcon_core.environment:create_file_with_runtime_dependencies(/home/el-system/Documents/T3/ws_t3/install/t3_pose_estimation/share/colcon-core/packages/t3_pose_estimation)
[8.725s] DEBUG:colcon.colcon_parallel_executor.executor.parallel:closing loop
[8.725s] DEBUG:colcon.colcon_parallel_executor.executor.parallel:loop closed
[8.725s] DEBUG:colcon.colcon_parallel_executor.executor.parallel:run_until_complete finished with '1'
[8.725s] DEBUG:colcon.colcon_core.event_reactor:joining thread
[8.733s] INFO:colcon.colcon_core.plugin_system:Skipping extension 'colcon_notification.desktop_notification.terminal_notifier': Not used on non-Darwin systems
[8.733s] INFO:colcon.colcon_core.plugin_system:Skipping extension 'colcon_notification.desktop_notification.win32': Not used on non-Windows systems
[8.733s] INFO:colcon.colcon_notification.desktop_notification:Sending desktop notification using 'notify2'
[8.744s] DEBUG:colcon.colcon_core.event_reactor:joined thread
[8.744s] INFO:colcon.colcon_core.shell:Creating prefix script '/home/el-system/Documents/T3/ws_t3/install/local_setup.ps1'
[8.745s] INFO:colcon.colcon_core.shell:Creating prefix util module '/home/el-system/Documents/T3/ws_t3/install/_local_setup_util_ps1.py'
[8.747s] INFO:colcon.colcon_core.shell:Creating prefix chain script '/home/el-system/Documents/T3/ws_t3/install/setup.ps1'
[8.749s] INFO:colcon.colcon_core.shell:Creating prefix script '/home/el-system/Documents/T3/ws_t3/install/local_setup.sh'
[8.749s] INFO:colcon.colcon_core.shell:Creating prefix util module '/home/el-system/Documents/T3/ws_t3/install/_local_setup_util_sh.py'
[8.750s] INFO:colcon.colcon_core.shell:Creating prefix chain script '/home/el-system/Documents/T3/ws_t3/install/setup.sh'
[8.751s] INFO:colcon.colcon_core.shell:Creating prefix script '/home/el-system/Documents/T3/ws_t3/install/local_setup.bash'
[8.751s] INFO:colcon.colcon_core.shell:Creating prefix chain script '/home/el-system/Documents/T3/ws_t3/install/setup.bash'
[8.752s] INFO:colcon.colcon_core.shell:Creating prefix script '/home/el-system/Documents/T3/ws_t3/install/local_setup.zsh'
[8.752s] INFO:colcon.colcon_core.shell:Creating prefix chain script '/home/el-system/Documents/T3/ws_t3/install/setup.zsh'
