[0.010s] Invoking command in '/home/el-system/Documents/T3/ws_t3/build/t3_pose_estimation': AMENT_PREFIX_PATH=/home/el-system/Documents/T3/ws_t3/install/t3_interfaces:${AMENT_PREFIX_PATH} CMAKE_PREFIX_PATH=/home/el-system/Documents/T3/ws_t3/install/t3_interfaces:/home/el-system/drone/drone_guidance/install/vision_video:/home/el-system/drone/drone_guidance/install/vision:/home/el-system/ros2_ws/install/mid360_simulation:/home/el-system/KRTI_2026_PX4/install/vision_video:/home/el-system/KRTI_2026_PX4/install/vision_krti:/home/el-system/KRTI_2026_PX4/install/vision_drop:/home/el-system/KRTI_2026_PX4/install/control:/opt/ros/humble LD_LIBRARY_PATH=/home/el-system/Documents/T3/ws_t3/install/t3_interfaces/lib:${LD_LIBRARY_PATH} PYTHONPATH=/home/el-system/Documents/T3/ws_t3/install/t3_interfaces/local/lib/python3.10/dist-packages:${PYTHONPATH} /usr/local/bin/cmake /home/el-system/Documents/T3/ws_t3/src/t3_pose_estimation -DAMENT_CMAKE_SYMLINK_INSTALL=1 -DCMAKE_INSTALL_PREFIX=/home/el-system/Documents/T3/ws_t3/install/t3_pose_estimation
[0.013s] CMake Deprecation Warning at CMakeLists.txt:1 (cmake_minimum_required):
[0.013s]   Compatibility with CMake < 3.10 will be removed from a future version of
[0.013s]   CMake.
[0.014s] 
[0.014s]   Update the VERSION argument <min> value.  Or, use the <min>...<max> syntax
[0.014s]   to tell CMake that the project requires at least <min> but has been updated
[0.014s]   to work with policies introduced by <max> or earlier.
[0.014s] 
[0.014s] 
[0.058s] -- The C compiler identification is GNU 11.4.0
[0.119s] -- The CXX compiler identification is GNU 11.4.0
[0.131s] -- Detecting C compiler ABI info
[0.189s] -- Detecting C compiler ABI info - done
[0.205s] -- Check for working C compiler: /usr/bin/cc - skipped
[0.205s] -- Detecting C compile features
[0.206s] -- Detecting C compile features - done
[0.221s] -- Detecting CXX compiler ABI info
[0.294s] -- Detecting CXX compiler ABI info - done
[0.316s] -- Check for working CXX compiler: /usr/bin/c++ - skipped
[0.316s] -- Detecting CXX compile features
[0.316s] -- Detecting CXX compile features - done
[0.327s] -- Found ament_cmake: 1.3.14 (/opt/ros/humble/share/ament_cmake/cmake)
[0.463s] -- Found Python3: /usr/bin/python3 (found version "3.10.12") found components: Interpreter
[0.520s] -- Override CMake install command with custom implementation using symlinks instead of copying resources
[0.572s] -- Found rclcpp: 16.0.19 (/opt/ros/humble/share/rclcpp/cmake)
[0.645s] -- Found rosidl_generator_c: 3.1.8 (/opt/ros/humble/share/rosidl_generator_c/cmake)
[0.655s] -- Found rosidl_adapter: 3.1.8 (/opt/ros/humble/share/rosidl_adapter/cmake)
[0.669s] -- Found rosidl_generator_cpp: 3.1.8 (/opt/ros/humble/share/rosidl_generator_cpp/cmake)
[0.684s] -- Using all available rosidl_typesupport_c: rosidl_typesupport_fastrtps_c;rosidl_typesupport_introspection_c
[0.703s] -- Using all available rosidl_typesupport_cpp: rosidl_typesupport_fastrtps_cpp;rosidl_typesupport_introspection_cpp
[0.765s] -- Found rmw_implementation_cmake: 6.1.2 (/opt/ros/humble/share/rmw_implementation_cmake/cmake)
[0.769s] -- Found rmw_fastrtps_cpp: 6.2.10 (/opt/ros/humble/share/rmw_fastrtps_cpp/cmake)
[0.891s] -- Found OpenSSL: /usr/lib/x86_64-linux-gnu/libcrypto.so (found version "3.0.2")
[0.932s] -- Found FastRTPS: /opt/ros/humble/include
[0.986s] -- Using RMW implementation 'rmw_fastrtps_cpp' as default
[0.998s] -- Performing Test CMAKE_HAVE_LIBC_PTHREAD
[1.053s] -- Performing Test CMAKE_HAVE_LIBC_PTHREAD - Success
[1.054s] -- Found Threads: TRUE
[1.117s] -- Found sensor_msgs: 4.9.1 (/opt/ros/humble/share/sensor_msgs/cmake)
[1.152s] -- Found nav_msgs: 4.9.1 (/opt/ros/humble/share/nav_msgs/cmake)
[1.180s] -- Found tf2_ros: 0.25.20 (/opt/ros/humble/share/tf2_ros/cmake)
[1.318s] -- Found cv_bridge: 3.2.1 (/opt/ros/humble/share/cv_bridge/cmake)
[1.325s] -- Found t3_interfaces: 0.1.0 (/home/el-system/Documents/T3/ws_t3/install/t3_interfaces/share/t3_interfaces/cmake)
[1.343s] CMake Error at /opt/cmake-4.1.2-linux-x86_64/share/cmake-4.1/Modules/FindPackageHandleStandardArgs.cmake:227 (message):
[1.344s]   Could NOT find OpenCV (missing: video) (found version "4.10.0")
[1.344s] Call Stack (most recent call first):
[1.344s]   /opt/cmake-4.1.2-linux-x86_64/share/cmake-4.1/Modules/FindPackageHandleStandardArgs.cmake:591 (_FPHSA_FAILURE_MESSAGE)
[1.344s]   /home/el-system/.local/opencv-4.10/lib/cmake/opencv4/OpenCVConfig.cmake:354 (find_package_handle_standard_args)
[1.344s]   CMakeLists.txt:18 (find_package)
[1.344s] 
[1.344s] 
[1.344s] -- Configuring incomplete, errors occurred!
[1.353s] Invoked command in '/home/el-system/Documents/T3/ws_t3/build/t3_pose_estimation' returned '1': AMENT_PREFIX_PATH=/home/el-system/Documents/T3/ws_t3/install/t3_interfaces:${AMENT_PREFIX_PATH} CMAKE_PREFIX_PATH=/home/el-system/Documents/T3/ws_t3/install/t3_interfaces:/home/el-system/drone/drone_guidance/install/vision_video:/home/el-system/drone/drone_guidance/install/vision:/home/el-system/ros2_ws/install/mid360_simulation:/home/el-system/KRTI_2026_PX4/install/vision_video:/home/el-system/KRTI_2026_PX4/install/vision_krti:/home/el-system/KRTI_2026_PX4/install/vision_drop:/home/el-system/KRTI_2026_PX4/install/control:/opt/ros/humble LD_LIBRARY_PATH=/home/el-system/Documents/T3/ws_t3/install/t3_interfaces/lib:${LD_LIBRARY_PATH} PYTHONPATH=/home/el-system/Documents/T3/ws_t3/install/t3_interfaces/local/lib/python3.10/dist-packages:${PYTHONPATH} /usr/local/bin/cmake /home/el-system/Documents/T3/ws_t3/src/t3_pose_estimation -DAMENT_CMAKE_SYMLINK_INSTALL=1 -DCMAKE_INSTALL_PREFIX=/home/el-system/Documents/T3/ws_t3/install/t3_pose_estimation
