[0.078s] DEBUG:colcon:Command line arguments: ['/usr/bin/colcon', 'build', '--symlink-install', '--packages-select', 't3_pose_estimation']
[0.078s] DEBUG:colcon:Parsed command line arguments: Namespace(log_base=None, log_level=None, verb_name='build', build_base='build', install_base='install', merge_install=False, symlink_install=True, test_result_base=None, continue_on_error=False, executor='parallel', parallel_workers=12, event_handlers=None, ignore_user_meta=False, metas=['./colcon.meta'], base_paths=['.'], packages_ignore=None, packages_ignore_regex=None, paths=None, packages_up_to=None, packages_up_to_regex=None, packages_above=None, packages_above_and_dependencies=None, packages_above_depth=None, packages_select_by_dep=None, packages_skip_by_dep=None, packages_skip_up_to=None, packages_select_build_failed=False, packages_skip_build_finished=False, packages_select_test_failures=False, packages_skip_test_passed=False, packages_select=['t3_pose_estimation'], packages_skip=None, packages_select_regex=None, packages_skip_regex=None, packages_start=None, packages_end=None, allow_overriding=[], cmake_args=None, cmake_target=None, cmake_target_skip_unavailable=False, cmake_clean_cache=False, cmake_clean_first=False, cmake_force_configure=False, ament_cmake_args=None, catkin_cmake_args=None, catkin_skip_building_tests=False, mixin_files=None, mixin=None, verb_parser=<colcon_mixin.mixin.mixin_argument.MixinArgumentDecorator object at 0x7709c439c9d0>, verb_extension=<colcon_core.verb.build.BuildVerb object at 0x7709c439c3a0>, main=<bound method BuildVerb.main of <colcon_core.verb.build.BuildVerb object at 0x7709c439c3a0>>, mixin_verb=('build',))
[0.247s] Level 1:colcon.colcon_core.package_discovery:discover_packages(colcon_meta) check parameters
[0.247s] Level 1:colcon.colcon_core.package_discovery:discover_packages(recursive) check parameters
[0.247s] Level 1:colcon.colcon_core.package_discovery:discover_packages(ignore) check parameters
[0.247s] Level 1:colcon.colcon_core.package_discovery:discover_packages(path) check parameters
[0.247s] Level 1:colcon.colcon_core.package_discovery:discover_packages(colcon_meta) discover
[0.247s] Level 1:colcon.colcon_core.package_discovery:discover_packages(recursive) discover
[0.247s] INFO:colcon.colcon_core.package_discovery:Crawling recursively for packages in '/home/el-system/Documents/T3'
[0.247s] Level 1:colcon.colcon_core.package_identification:_identify(.) by extensions ['ignore', 'ignore_ament_install']
[0.247s] Level 1:colcon.colcon_core.package_identification:_identify(.) by extension 'ignore'
[0.247s] Level 1:colcon.colcon_core.package_identification:_identify(.) by extension 'ignore_ament_install'
[0.247s] Level 1:colcon.colcon_core.package_identification:_identify(.) by extensions ['colcon_pkg']
[0.247s] Level 1:colcon.colcon_core.package_identification:_identify(.) by extension 'colcon_pkg'
[0.247s] Level 1:colcon.colcon_core.package_identification:_identify(.) by extensions ['colcon_meta']
[0.247s] Level 1:colcon.colcon_core.package_identification:_identify(.) by extension 'colcon_meta'
[0.247s] Level 1:colcon.colcon_core.package_identification:_identify(.) by extensions ['ros']
[0.247s] Level 1:colcon.colcon_core.package_identification:_identify(.) by extension 'ros'
[0.288s] Level 1:colcon.colcon_core.package_identification:_identify(.) by extensions ['cmake', 'python']
[0.288s] Level 1:colcon.colcon_core.package_identification:_identify(.) by extension 'cmake'
[0.288s] Level 1:colcon.colcon_core.package_identification:_identify(.) by extension 'python'
[0.289s] Level 1:colcon.colcon_core.package_identification:_identify(.) by extensions ['python_setup_py']
[0.289s] Level 1:colcon.colcon_core.package_identification:_identify(.) by extension 'python_setup_py'
[0.289s] Level 1:colcon.colcon_core.package_identification:_identify(build) by extensions ['ignore', 'ignore_ament_install']
[0.289s] Level 1:colcon.colcon_core.package_identification:_identify(build) by extension 'ignore'
[0.289s] Level 1:colcon.colcon_core.package_identification:_identify(build) ignored
[0.289s] Level 1:colcon.colcon_core.package_identification:_identify(install) by extensions ['ignore', 'ignore_ament_install']
[0.289s] Level 1:colcon.colcon_core.package_identification:_identify(install) by extension 'ignore'
[0.289s] Level 1:colcon.colcon_core.package_identification:_identify(install) ignored
[0.289s] Level 1:colcon.colcon_core.package_identification:_identify(log) by extensions ['ignore', 'ignore_ament_install']
[0.289s] Level 1:colcon.colcon_core.package_identification:_identify(log) by extension 'ignore'
[0.289s] Level 1:colcon.colcon_core.package_identification:_identify(log) ignored
[0.289s] Level 1:colcon.colcon_core.package_identification:_identify(mock_server) by extensions ['ignore', 'ignore_ament_install']
[0.289s] Level 1:colcon.colcon_core.package_identification:_identify(mock_server) by extension 'ignore'
[0.289s] Level 1:colcon.colcon_core.package_identification:_identify(mock_server) by extension 'ignore_ament_install'
[0.289s] Level 1:colcon.colcon_core.package_identification:_identify(mock_server) by extensions ['colcon_pkg']
[0.289s] Level 1:colcon.colcon_core.package_identification:_identify(mock_server) by extension 'colcon_pkg'
[0.289s] Level 1:colcon.colcon_core.package_identification:_identify(mock_server) by extensions ['colcon_meta']
[0.289s] Level 1:colcon.colcon_core.package_identification:_identify(mock_server) by extension 'colcon_meta'
[0.289s] Level 1:colcon.colcon_core.package_identification:_identify(mock_server) by extensions ['ros']
[0.290s] Level 1:colcon.colcon_core.package_identification:_identify(mock_server) by extension 'ros'
[0.290s] Level 1:colcon.colcon_core.package_identification:_identify(mock_server) by extensions ['cmake', 'python']
[0.290s] Level 1:colcon.colcon_core.package_identification:_identify(mock_server) by extension 'cmake'
[0.290s] Level 1:colcon.colcon_core.package_identification:_identify(mock_server) by extension 'python'
[0.290s] Level 1:colcon.colcon_core.package_identification:_identify(mock_server) by extensions ['python_setup_py']
[0.290s] Level 1:colcon.colcon_core.package_identification:_identify(mock_server) by extension 'python_setup_py'
[0.290s] Level 1:colcon.colcon_core.package_identification:_identify(ws_t3) by extensions ['ignore', 'ignore_ament_install']
[0.290s] Level 1:colcon.colcon_core.package_identification:_identify(ws_t3) by extension 'ignore'
[0.290s] Level 1:colcon.colcon_core.package_identification:_identify(ws_t3) by extension 'ignore_ament_install'
[0.290s] Level 1:colcon.colcon_core.package_identification:_identify(ws_t3) by extensions ['colcon_pkg']
[0.290s] Level 1:colcon.colcon_core.package_identification:_identify(ws_t3) by extension 'colcon_pkg'
[0.290s] Level 1:colcon.colcon_core.package_identification:_identify(ws_t3) by extensions ['colcon_meta']
[0.290s] Level 1:colcon.colcon_core.package_identification:_identify(ws_t3) by extension 'colcon_meta'
[0.290s] Level 1:colcon.colcon_core.package_identification:_identify(ws_t3) by extensions ['ros']
[0.290s] Level 1:colcon.colcon_core.package_identification:_identify(ws_t3) by extension 'ros'
[0.290s] Level 1:colcon.colcon_core.package_identification:_identify(ws_t3) by extensions ['cmake', 'python']
[0.290s] Level 1:colcon.colcon_core.package_identification:_identify(ws_t3) by extension 'cmake'
[0.290s] Level 1:colcon.colcon_core.package_identification:_identify(ws_t3) by extension 'python'
[0.290s] Level 1:colcon.colcon_core.package_identification:_identify(ws_t3) by extensions ['python_setup_py']
[0.290s] Level 1:colcon.colcon_core.package_identification:_identify(ws_t3) by extension 'python_setup_py'
[0.290s] Level 1:colcon.colcon_core.package_identification:_identify(ws_t3/build) by extensions ['ignore', 'ignore_ament_install']
[0.290s] Level 1:colcon.colcon_core.package_identification:_identify(ws_t3/build) by extension 'ignore'
[0.290s] Level 1:colcon.colcon_core.package_identification:_identify(ws_t3/build) ignored
[0.290s] Level 1:colcon.colcon_core.package_identification:_identify(ws_t3/install) by extensions ['ignore', 'ignore_ament_install']
[0.291s] Level 1:colcon.colcon_core.package_identification:_identify(ws_t3/install) by extension 'ignore'
[0.291s] Level 1:colcon.colcon_core.package_identification:_identify(ws_t3/install) ignored
[0.291s] Level 1:colcon.colcon_core.package_identification:_identify(ws_t3/log) by extensions ['ignore', 'ignore_ament_install']
[0.291s] Level 1:colcon.colcon_core.package_identification:_identify(ws_t3/log) by extension 'ignore'
[0.291s] Level 1:colcon.colcon_core.package_identification:_identify(ws_t3/log) ignored
[0.291s] Level 1:colcon.colcon_core.package_identification:_identify(ws_t3/src) by extensions ['ignore', 'ignore_ament_install']
[0.291s] Level 1:colcon.colcon_core.package_identification:_identify(ws_t3/src) by extension 'ignore'
[0.291s] Level 1:colcon.colcon_core.package_identification:_identify(ws_t3/src) by extension 'ignore_ament_install'
[0.291s] Level 1:colcon.colcon_core.package_identification:_identify(ws_t3/src) by extensions ['colcon_pkg']
[0.291s] Level 1:colcon.colcon_core.package_identification:_identify(ws_t3/src) by extension 'colcon_pkg'
[0.291s] Level 1:colcon.colcon_core.package_identification:_identify(ws_t3/src) by extensions ['colcon_meta']
[0.291s] Level 1:colcon.colcon_core.package_identification:_identify(ws_t3/src) by extension 'colcon_meta'
[0.291s] Level 1:colcon.colcon_core.package_identification:_identify(ws_t3/src) by extensions ['ros']
[0.291s] Level 1:colcon.colcon_core.package_identification:_identify(ws_t3/src) by extension 'ros'
[0.291s] Level 1:colcon.colcon_core.package_identification:_identify(ws_t3/src) by extensions ['cmake', 'python']
[0.291s] Level 1:colcon.colcon_core.package_identification:_identify(ws_t3/src) by extension 'cmake'
[0.291s] Level 1:colcon.colcon_core.package_identification:_identify(ws_t3/src) by extension 'python'
[0.291s] Level 1:colcon.colcon_core.package_identification:_identify(ws_t3/src) by extensions ['python_setup_py']
[0.291s] Level 1:colcon.colcon_core.package_identification:_identify(ws_t3/src) by extension 'python_setup_py'
[0.291s] Level 1:colcon.colcon_core.package_identification:_identify(ws_t3/src/t3_interfaces) by extensions ['ignore', 'ignore_ament_install']
[0.291s] Level 1:colcon.colcon_core.package_identification:_identify(ws_t3/src/t3_interfaces) by extension 'ignore'
[0.291s] Level 1:colcon.colcon_core.package_identification:_identify(ws_t3/src/t3_interfaces) by extension 'ignore_ament_install'
[0.291s] Level 1:colcon.colcon_core.package_identification:_identify(ws_t3/src/t3_interfaces) by extensions ['colcon_pkg']
[0.291s] Level 1:colcon.colcon_core.package_identification:_identify(ws_t3/src/t3_interfaces) by extension 'colcon_pkg'
[0.291s] Level 1:colcon.colcon_core.package_identification:_identify(ws_t3/src/t3_interfaces) by extensions ['colcon_meta']
[0.291s] Level 1:colcon.colcon_core.package_identification:_identify(ws_t3/src/t3_interfaces) by extension 'colcon_meta'
[0.291s] Level 1:colcon.colcon_core.package_identification:_identify(ws_t3/src/t3_interfaces) by extensions ['ros']
[0.292s] Level 1:colcon.colcon_core.package_identification:_identify(ws_t3/src/t3_interfaces) by extension 'ros'
[0.295s] DEBUG:colcon.colcon_core.package_identification:Package 'ws_t3/src/t3_interfaces' with type 'ros.ament_cmake' and name 't3_interfaces'
[0.295s] Level 1:colcon.colcon_core.package_identification:_identify(ws_t3/src/t3_pose_estimation) by extensions ['ignore', 'ignore_ament_install']
[0.295s] Level 1:colcon.colcon_core.package_identification:_identify(ws_t3/src/t3_pose_estimation) by extension 'ignore'
[0.295s] Level 1:colcon.colcon_core.package_identification:_identify(ws_t3/src/t3_pose_estimation) by extension 'ignore_ament_install'
[0.295s] Level 1:colcon.colcon_core.package_identification:_identify(ws_t3/src/t3_pose_estimation) by extensions ['colcon_pkg']
[0.295s] Level 1:colcon.colcon_core.package_identification:_identify(ws_t3/src/t3_pose_estimation) by extension 'colcon_pkg'
[0.295s] Level 1:colcon.colcon_core.package_identification:_identify(ws_t3/src/t3_pose_estimation) by extensions ['colcon_meta']
[0.295s] Level 1:colcon.colcon_core.package_identification:_identify(ws_t3/src/t3_pose_estimation) by extension 'colcon_meta'
[0.295s] Level 1:colcon.colcon_core.package_identification:_identify(ws_t3/src/t3_pose_estimation) by extensions ['ros']
[0.295s] Level 1:colcon.colcon_core.package_identification:_identify(ws_t3/src/t3_pose_estimation) by extension 'ros'
[0.296s] DEBUG:colcon.colcon_core.package_identification:Package 'ws_t3/src/t3_pose_estimation' with type 'ros.ament_cmake' and name 't3_pose_estimation'
[0.296s] Level 1:colcon.colcon_core.package_discovery:discover_packages(recursive) using defaults
[0.296s] Level 1:colcon.colcon_core.package_discovery:discover_packages(ignore) discover
[0.296s] Level 1:colcon.colcon_core.package_discovery:discover_packages(ignore) using defaults
[0.296s] Level 1:colcon.colcon_core.package_discovery:discover_packages(path) discover
[0.296s] Level 1:colcon.colcon_core.package_discovery:discover_packages(path) using defaults
[0.315s] INFO:colcon.colcon_core.package_selection:Skipping not selected package 't3_interfaces' in 'ws_t3/src/t3_interfaces'
[0.316s] Level 1:colcon.colcon_core.package_discovery:discover_packages(prefix_path) check parameters
[0.316s] Level 1:colcon.colcon_core.package_discovery:discover_packages(prefix_path) discover
[0.317s] DEBUG:colcon.colcon_installed_package_information.package_discovery:Found 2 installed packages in /home/el-system/drone/drone_guidance/install
[0.318s] DEBUG:colcon.colcon_installed_package_information.package_discovery:Found 4 installed packages in /home/el-system/ros2_ws/install
[0.318s] DEBUG:colcon.colcon_installed_package_information.package_discovery:Found 4 installed packages in /home/el-system/KRTI_2026_PX4/install
[0.319s] DEBUG:colcon.colcon_installed_package_information.package_discovery:Found 296 installed packages in /opt/ros/humble
[0.320s] Level 1:colcon.colcon_core.package_discovery:discover_packages(prefix_path) using defaults
[0.352s] Level 5:colcon.colcon_core.verb:set package 't3_pose_estimation' build argument 'cmake_args' from command line to 'None'
[0.352s] Level 5:colcon.colcon_core.verb:set package 't3_pose_estimation' build argument 'cmake_target' from command line to 'None'
[0.352s] Level 5:colcon.colcon_core.verb:set package 't3_pose_estimation' build argument 'cmake_target_skip_unavailable' from command line to 'False'
[0.352s] Level 5:colcon.colcon_core.verb:set package 't3_pose_estimation' build argument 'cmake_clean_cache' from command line to 'False'
[0.352s] Level 5:colcon.colcon_core.verb:set package 't3_pose_estimation' build argument 'cmake_clean_first' from command line to 'False'
[0.352s] Level 5:colcon.colcon_core.verb:set package 't3_pose_estimation' build argument 'cmake_force_configure' from command line to 'False'
[0.352s] Level 5:colcon.colcon_core.verb:set package 't3_pose_estimation' build argument 'ament_cmake_args' from command line to 'None'
[0.352s] Level 5:colcon.colcon_core.verb:set package 't3_pose_estimation' build argument 'catkin_cmake_args' from command line to 'None'
[0.352s] Level 5:colcon.colcon_core.verb:set package 't3_pose_estimation' build argument 'catkin_skip_building_tests' from command line to 'False'
[0.352s] DEBUG:colcon.colcon_core.verb:Building package 't3_pose_estimation' with the following arguments: {'ament_cmake_args': None, 'build_base': '/home/el-system/Documents/T3/build/t3_pose_estimation', 'catkin_cmake_args': None, 'catkin_skip_building_tests': False, 'cmake_args': None, 'cmake_clean_cache': False, 'cmake_clean_first': False, 'cmake_force_configure': False, 'cmake_target': None, 'cmake_target_skip_unavailable': False, 'install_base': '/home/el-system/Documents/T3/install/t3_pose_estimation', 'merge_install': False, 'path': '/home/el-system/Documents/T3/ws_t3/src/t3_pose_estimation', 'symlink_install': True, 'test_result_base': None}
[0.353s] INFO:colcon.colcon_core.executor:Executing jobs using 'parallel' executor
[0.354s] DEBUG:colcon.colcon_parallel_executor.executor.parallel:run_until_complete
[0.354s] INFO:colcon.colcon_ros.task.ament_cmake.build:Building ROS package in '/home/el-system/Documents/T3/ws_t3/src/t3_pose_estimation' with build type 'ament_cmake'
[0.354s] INFO:colcon.colcon_cmake.task.cmake.build:Building CMake package in '/home/el-system/Documents/T3/ws_t3/src/t3_pose_estimation'
[0.356s] INFO:colcon.colcon_core.plugin_system:Skipping extension 'colcon_core.shell.bat': Not used on non-Windows systems
[0.356s] INFO:colcon.colcon_core.shell:Skip shell extension 'powershell' for command environment: Not usable outside of PowerShell
[0.356s] DEBUG:colcon.colcon_core.shell:Skip shell extension 'dsv' for command environment
[0.359s] ERROR:colcon.colcon_cmake.task.cmake.build:Failed to find the following files:
- /home/el-system/Documents/T3/install/t3_interfaces/share/t3_interfaces/package.sh
Check that the following packages have been built:
- t3_interfaces
[0.359s] Level 1:colcon.colcon_core.environment:create_environment_scripts_only(t3_pose_estimation)
[0.361s] Level 1:colcon.colcon_core.environment:checking '/home/el-system/Documents/T3/install/t3_pose_estimation' for CMake module files
[0.361s] Level 1:colcon.colcon_core.environment:checking '/home/el-system/Documents/T3/install/t3_pose_estimation' for CMake config files
[0.361s] Level 1:colcon.colcon_core.environment:checking '/home/el-system/Documents/T3/install/t3_pose_estimation/bin'
[0.362s] Level 1:colcon.colcon_core.environment:checking '/home/el-system/Documents/T3/install/t3_pose_estimation/lib/pkgconfig/t3_pose_estimation.pc'
[0.362s] Level 1:colcon.colcon_core.environment:checking '/home/el-system/Documents/T3/install/t3_pose_estimation/lib/python3.10/site-packages'
[0.362s] Level 1:colcon.colcon_core.environment:checking '/home/el-system/Documents/T3/install/t3_pose_estimation/bin'
[0.362s] INFO:colcon.colcon_core.shell:Creating package script '/home/el-system/Documents/T3/install/t3_pose_estimation/share/t3_pose_estimation/package.ps1'
[0.363s] INFO:colcon.colcon_core.shell:Creating package descriptor '/home/el-system/Documents/T3/install/t3_pose_estimation/share/t3_pose_estimation/package.dsv'
[0.364s] INFO:colcon.colcon_core.shell:Creating package script '/home/el-system/Documents/T3/install/t3_pose_estimation/share/t3_pose_estimation/package.sh'
[0.364s] INFO:colcon.colcon_core.shell:Creating package script '/home/el-system/Documents/T3/install/t3_pose_estimation/share/t3_pose_estimation/package.bash'
[0.365s] INFO:colcon.colcon_core.shell:Creating package script '/home/el-system/Documents/T3/install/t3_pose_estimation/share/t3_pose_estimation/package.zsh'
[0.365s] Level 1:colcon.colcon_core.environment:create_file_with_runtime_dependencies(/home/el-system/Documents/T3/install/t3_pose_estimation/share/colcon-core/packages/t3_pose_estimation)
[0.376s] DEBUG:colcon.colcon_parallel_executor.executor.parallel:closing loop
[0.376s] DEBUG:colcon.colcon_parallel_executor.executor.parallel:loop closed
[0.376s] DEBUG:colcon.colcon_parallel_executor.executor.parallel:run_until_complete finished with '1'
[0.376s] DEBUG:colcon.colcon_core.event_reactor:joining thread
[0.386s] INFO:colcon.colcon_core.plugin_system:Skipping extension 'colcon_notification.desktop_notification.terminal_notifier': Not used on non-Darwin systems
[0.386s] INFO:colcon.colcon_core.plugin_system:Skipping extension 'colcon_notification.desktop_notification.win32': Not used on non-Windows systems
[0.386s] INFO:colcon.colcon_notification.desktop_notification:Sending desktop notification using 'notify2'
[0.398s] DEBUG:colcon.colcon_core.event_reactor:joined thread
[0.398s] INFO:colcon.colcon_core.shell:Creating prefix script '/home/el-system/Documents/T3/install/local_setup.ps1'
[0.399s] INFO:colcon.colcon_core.shell:Creating prefix util module '/home/el-system/Documents/T3/install/_local_setup_util_ps1.py'
[0.400s] INFO:colcon.colcon_core.shell:Creating prefix chain script '/home/el-system/Documents/T3/install/setup.ps1'
[0.401s] INFO:colcon.colcon_core.shell:Creating prefix script '/home/el-system/Documents/T3/install/local_setup.sh'
[0.401s] INFO:colcon.colcon_core.shell:Creating prefix util module '/home/el-system/Documents/T3/install/_local_setup_util_sh.py'
[0.402s] INFO:colcon.colcon_core.shell:Creating prefix chain script '/home/el-system/Documents/T3/install/setup.sh'
[0.403s] INFO:colcon.colcon_core.shell:Creating prefix script '/home/el-system/Documents/T3/install/local_setup.bash'
[0.403s] INFO:colcon.colcon_core.shell:Creating prefix chain script '/home/el-system/Documents/T3/install/setup.bash'
[0.404s] INFO:colcon.colcon_core.shell:Creating prefix script '/home/el-system/Documents/T3/install/local_setup.zsh'
[0.404s] INFO:colcon.colcon_core.shell:Creating prefix chain script '/home/el-system/Documents/T3/install/setup.zsh'
