CMake Deprecation Warning at CMakeLists.txt:1 (cmake_minimum_required):
  Compatibility with CMake < 3.10 will be removed from a future version of
  CMake.

  Update the VERSION argument <min> value.  Or, use the <min>...<max> syntax
  to tell CMake that the project requires at least <min> but has been updated
  to work with policies introduced by <max> or earlier.


-- The C compiler identification is GNU 11.4.0
-- The CXX compiler identification is GNU 11.4.0
-- Detecting C compiler ABI info
-- Detecting C compiler ABI info - done
-- Check for working C compiler: /usr/bin/cc - skipped
-- Detecting C compile features
-- Detecting C compile features - done
-- Detecting CXX compiler ABI info
-- Detecting CXX compiler ABI info - done
-- Check for working CXX compiler: /usr/bin/c++ - skipped
-- Detecting CXX compile features
-- Detecting CXX compile features - done
-- Found ament_cmake: 1.3.14 (/opt/ros/humble/share/ament_cmake/cmake)
-- Found Python3: /usr/bin/python3 (found version "3.10.12") found components: Interpreter
-- Override CMake install command with custom implementation using symlinks instead of copying resources
-- Found rosidl_default_generators: 1.2.1 (/opt/ros/humble/share/rosidl_default_generators/cmake)
-- Using all available rosidl_typesupport_c: rosidl_typesupport_fastrtps_c;rosidl_typesupport_introspection_c
-- Found rosidl_adapter: 3.1.8 (/opt/ros/humble/share/rosidl_adapter/cmake)
-- Using all available rosidl_typesupport_cpp: rosidl_typesupport_fastrtps_cpp;rosidl_typesupport_introspection_cpp
-- Found std_msgs: 4.9.1 (/opt/ros/humble/share/std_msgs/cmake)
-- Found sensor_msgs: 4.9.1 (/opt/ros/humble/share/sensor_msgs/cmake)
-- Found ament_cmake_ros: 0.10.0 (/opt/ros/humble/share/ament_cmake_ros/cmake)
-- Using all available rosidl_typesupport_c: rosidl_typesupport_fastrtps_c;rosidl_typesupport_introspection_c
-- Using all available rosidl_typesupport_cpp: rosidl_typesupport_fastrtps_cpp;rosidl_typesupport_introspection_cpp
CMake Warning (dev) at /opt/ros/humble/share/rosidl_generator_py/cmake/rosidl_generator_py_generate_interfaces.cmake:20 (find_package):
  Policy CMP0148 is not set: The FindPythonInterp and FindPythonLibs modules
  are removed.  Run "cmake --help-policy CMP0148" for policy details.  Use
  the cmake_policy command to set the policy and suppress this warning.

Call Stack (most recent call first):
  /opt/ros/humble/share/ament_cmake_core/cmake/core/ament_execute_extensions.cmake:48 (include)
  /opt/ros/humble/share/rosidl_cmake/cmake/rosidl_generate_interfaces.cmake:286 (ament_execute_extensions)
  CMakeLists.txt:9 (rosidl_generate_interfaces)
This warning is for project developers.  Use -Wno-dev to suppress it.

-- Found PythonInterp: /usr/bin/python3 (found suitable version "3.10.12", minimum required is "3.6")
-- Found python_cmake_module: 0.10.0 (/opt/ros/humble/share/python_cmake_module/cmake)
CMake Warning (dev) at /opt/ros/humble/share/python_cmake_module/cmake/Modules/FindPythonExtra.cmake:52 (find_package):
  Policy CMP0148 is not set: The FindPythonInterp and FindPythonLibs modules
  are removed.  Run "cmake --help-policy CMP0148" for policy details.  Use
  the cmake_policy command to set the policy and suppress this warning.

Call Stack (most recent call first):
  /opt/ros/humble/share/rosidl_generator_py/cmake/rosidl_generator_py_generate_interfaces.cmake:23 (find_package)
  /opt/ros/humble/share/ament_cmake_core/cmake/core/ament_execute_extensions.cmake:48 (include)
  /opt/ros/humble/share/rosidl_cmake/cmake/rosidl_generate_interfaces.cmake:286 (ament_execute_extensions)
  CMakeLists.txt:9 (rosidl_generate_interfaces)
This warning is for project developers.  Use -Wno-dev to suppress it.

CMake Warning (dev) at /opt/ros/humble/share/python_cmake_module/cmake/Modules/FindPythonExtra.cmake:140 (find_package):
  Policy CMP0148 is not set: The FindPythonInterp and FindPythonLibs modules
  are removed.  Run "cmake --help-policy CMP0148" for policy details.  Use
  the cmake_policy command to set the policy and suppress this warning.

Call Stack (most recent call first):
  /opt/ros/humble/share/rosidl_generator_py/cmake/rosidl_generator_py_generate_interfaces.cmake:23 (find_package)
  /opt/ros/humble/share/ament_cmake_core/cmake/core/ament_execute_extensions.cmake:48 (include)
  /opt/ros/humble/share/rosidl_cmake/cmake/rosidl_generate_interfaces.cmake:286 (ament_execute_extensions)
  CMakeLists.txt:9 (rosidl_generate_interfaces)
This warning is for project developers.  Use -Wno-dev to suppress it.

-- Found PythonLibs: /usr/lib/x86_64-linux-gnu/libpython3.10.so (found suitable version "3.10.12", minimum required is "3.5")
-- Using PYTHON_EXECUTABLE: /usr/bin/python3
-- Using PYTHON_INCLUDE_DIRS: /usr/include/python3.10
-- Using PYTHON_LIBRARIES: /usr/lib/x86_64-linux-gnu/libpython3.10.so
-- Found PythonExtra: .so
-- Configuring done (3.5s)
-- Generating done (0.0s)
-- Build files have been written to: /home/el-system/Documents/T3/ws_t3/build/t3_interfaces
[  2%] Generating C code for ROS interfaces
[  2%] Built target ament_cmake_python_symlink_t3_interfaces
[  5%] Generating C++ code for ROS interfaces
[  7%] Generating Rust code for ROS interfaces
running egg_info
creating t3_interfaces.egg-info
writing t3_interfaces.egg-info/PKG-INFO
writing dependency_links to t3_interfaces.egg-info/dependency_links.txt
writing top-level names to t3_interfaces.egg-info/top_level.txt
writing manifest file 't3_interfaces.egg-info/SOURCES.txt'
reading manifest file 't3_interfaces.egg-info/SOURCES.txt'
writing manifest file 't3_interfaces.egg-info/SOURCES.txt'
[  7%] Built target ament_cmake_python_build_t3_interfaces_egg
[ 10%] Building C object CMakeFiles/t3_interfaces__rosidl_generator_c.dir/rosidl_generator_c/t3_interfaces/msg/detail/frame_info__functions.c.o
[ 12%] Building C object CMakeFiles/t3_interfaces__rosidl_generator_c.dir/rosidl_generator_c/t3_interfaces/msg/detail/pose_estimate__functions.c.o
[ 12%] Built target t3_interfaces__rs
[ 15%] Linking C shared library libt3_interfaces__rosidl_generator_c.so
[ 15%] Built target t3_interfaces__rosidl_generator_c
[ 17%] Generating C type support for eProsima Fast-RTPS
[ 22%] Generating C type support dispatch for ROS interfaces
[ 22%] Generating C introspection for ROS interfaces
[ 22%] Built target t3_interfaces__cpp
[ 27%] Generating C++ type support dispatch for ROS interfaces
[ 27%] Generating C++ type support for eProsima Fast-RTPS
[ 30%] Generating C++ introspection for ROS interfaces
[ 32%] Building CXX object CMakeFiles/t3_interfaces__rosidl_typesupport_c.dir/rosidl_typesupport_c/t3_interfaces/msg/frame_info__type_support.cpp.o
[ 35%] Building CXX object CMakeFiles/t3_interfaces__rosidl_typesupport_c.dir/rosidl_typesupport_c/t3_interfaces/msg/pose_estimate__type_support.cpp.o
[ 37%] Linking CXX shared library libt3_interfaces__rosidl_typesupport_c.so
[ 37%] Built target t3_interfaces__rosidl_typesupport_c
[ 40%] Building C object CMakeFiles/t3_interfaces__rosidl_typesupport_introspection_c.dir/rosidl_typesupport_introspection_c/t3_interfaces/msg/detail/pose_estimate__type_support.c.o
[ 42%] Building C object CMakeFiles/t3_interfaces__rosidl_typesupport_introspection_c.dir/rosidl_typesupport_introspection_c/t3_interfaces/msg/detail/frame_info__type_support.c.o
[ 45%] Linking C shared library libt3_interfaces__rosidl_typesupport_introspection_c.so
[ 45%] Built target t3_interfaces__rosidl_typesupport_introspection_c
[ 47%] Building CXX object CMakeFiles/t3_interfaces__rosidl_typesupport_fastrtps_c.dir/rosidl_typesupport_fastrtps_c/t3_interfaces/msg/detail/frame_info__type_support_c.cpp.o
[ 50%] Building CXX object CMakeFiles/t3_interfaces__rosidl_typesupport_fastrtps_c.dir/rosidl_typesupport_fastrtps_c/t3_interfaces/msg/detail/pose_estimate__type_support_c.cpp.o
[ 52%] Building CXX object CMakeFiles/t3_interfaces__rosidl_typesupport_fastrtps_cpp.dir/rosidl_typesupport_fastrtps_cpp/t3_interfaces/msg/detail/dds_fastrtps/frame_info__type_support.cpp.o
[ 55%] Building CXX object CMakeFiles/t3_interfaces__rosidl_typesupport_fastrtps_cpp.dir/rosidl_typesupport_fastrtps_cpp/t3_interfaces/msg/detail/dds_fastrtps/pose_estimate__type_support.cpp.o
[ 57%] Building CXX object CMakeFiles/t3_interfaces__rosidl_typesupport_cpp.dir/rosidl_typesupport_cpp/t3_interfaces/msg/frame_info__type_support.cpp.o
[ 60%] Building CXX object CMakeFiles/t3_interfaces__rosidl_typesupport_cpp.dir/rosidl_typesupport_cpp/t3_interfaces/msg/pose_estimate__type_support.cpp.o
[ 62%] Building CXX object CMakeFiles/t3_interfaces__rosidl_typesupport_introspection_cpp.dir/rosidl_typesupport_introspection_cpp/t3_interfaces/msg/detail/frame_info__type_support.cpp.o
[ 65%] Building CXX object CMakeFiles/t3_interfaces__rosidl_typesupport_introspection_cpp.dir/rosidl_typesupport_introspection_cpp/t3_interfaces/msg/detail/pose_estimate__type_support.cpp.o
[ 67%] Linking CXX shared library libt3_interfaces__rosidl_typesupport_cpp.so
[ 67%] Built target t3_interfaces__rosidl_typesupport_cpp
[ 70%] Linking CXX shared library libt3_interfaces__rosidl_typesupport_introspection_cpp.so
[ 72%] Linking CXX shared library libt3_interfaces__rosidl_typesupport_fastrtps_c.so
[ 72%] Built target t3_interfaces__rosidl_typesupport_introspection_cpp
[ 72%] Built target t3_interfaces__rosidl_typesupport_fastrtps_c
[ 75%] Linking CXX shared library libt3_interfaces__rosidl_typesupport_fastrtps_cpp.so
[ 75%] Built target t3_interfaces__rosidl_typesupport_fastrtps_cpp
[ 75%] Built target t3_interfaces
[ 77%] Generating Python code for ROS interfaces
[ 77%] Built target t3_interfaces__py
[ 80%] Building C object CMakeFiles/t3_interfaces__rosidl_generator_py.dir/rosidl_generator_py/t3_interfaces/msg/_frame_info_s.c.o
[ 82%] Building C object CMakeFiles/t3_interfaces__rosidl_generator_py.dir/rosidl_generator_py/t3_interfaces/msg/_pose_estimate_s.c.o
[ 85%] Linking C shared library rosidl_generator_py/t3_interfaces/libt3_interfaces__rosidl_generator_py.so
[ 85%] Built target t3_interfaces__rosidl_generator_py
[ 90%] Building C object CMakeFiles/t3_interfaces__rosidl_typesupport_c__pyext.dir/rosidl_generator_py/t3_interfaces/_t3_interfaces_s.ep.rosidl_typesupport_c.c.o
[ 90%] Building C object CMakeFiles/t3_interfaces__rosidl_typesupport_fastrtps_c__pyext.dir/rosidl_generator_py/t3_interfaces/_t3_interfaces_s.ep.rosidl_typesupport_fastrtps_c.c.o
[ 92%] Building C object CMakeFiles/t3_interfaces__rosidl_typesupport_introspection_c__pyext.dir/rosidl_generator_py/t3_interfaces/_t3_interfaces_s.ep.rosidl_typesupport_introspection_c.c.o
[ 95%] Linking C shared library rosidl_generator_py/t3_interfaces/t3_interfaces_s__rosidl_typesupport_fastrtps_c.cpython-310-x86_64-linux-gnu.so
[ 97%] Linking C shared library rosidl_generator_py/t3_interfaces/t3_interfaces_s__rosidl_typesupport_c.cpython-310-x86_64-linux-gnu.so
[ 97%] Built target t3_interfaces__rosidl_typesupport_fastrtps_c__pyext
[100%] Linking C shared library rosidl_generator_py/t3_interfaces/t3_interfaces_s__rosidl_typesupport_introspection_c.cpython-310-x86_64-linux-gnu.so
[100%] Built target t3_interfaces__rosidl_typesupport_c__pyext
[100%] Built target t3_interfaces__rosidl_typesupport_introspection_c__pyext
-- Install configuration: ""
-- Execute custom install script
-- Symlinking: /home/el-system/Documents/T3/ws_t3/install/t3_interfaces/share/ament_index/resource_index/rosidl_interfaces/t3_interfaces
-- Symlinking: /home/el-system/Documents/T3/ws_t3/install/t3_interfaces/include/t3_interfaces/t3_interfaces/msg/detail/frame_info__functions.h
-- Symlinking: /home/el-system/Documents/T3/ws_t3/install/t3_interfaces/include/t3_interfaces/t3_interfaces/msg/detail/frame_info__struct.h
-- Symlinking: /home/el-system/Documents/T3/ws_t3/install/t3_interfaces/include/t3_interfaces/t3_interfaces/msg/detail/frame_info__type_support.h
-- Symlinking: /home/el-system/Documents/T3/ws_t3/install/t3_interfaces/include/t3_interfaces/t3_interfaces/msg/detail/pose_estimate__functions.h
-- Symlinking: /home/el-system/Documents/T3/ws_t3/install/t3_interfaces/include/t3_interfaces/t3_interfaces/msg/detail/pose_estimate__struct.h
-- Symlinking: /home/el-system/Documents/T3/ws_t3/install/t3_interfaces/include/t3_interfaces/t3_interfaces/msg/detail/pose_estimate__type_support.h
-- Symlinking: /home/el-system/Documents/T3/ws_t3/install/t3_interfaces/include/t3_interfaces/t3_interfaces/msg/frame_info.h
-- Symlinking: /home/el-system/Documents/T3/ws_t3/install/t3_interfaces/include/t3_interfaces/t3_interfaces/msg/pose_estimate.h
-- Symlinking: /home/el-system/Documents/T3/ws_t3/install/t3_interfaces/include/t3_interfaces/t3_interfaces/msg/rosidl_generator_c__visibility_control.h
-- Symlinking: /home/el-system/Documents/T3/ws_t3/install/t3_interfaces/share/t3_interfaces/environment/library_path.sh
-- Symlinking: /home/el-system/Documents/T3/ws_t3/install/t3_interfaces/share/t3_interfaces/environment/library_path.dsv
-- Symlinking: /home/el-system/Documents/T3/ws_t3/install/t3_interfaces/include/t3_interfaces/t3_interfaces/msg/detail/frame_info__rosidl_typesupport_fastrtps_c.h
-- Symlinking: /home/el-system/Documents/T3/ws_t3/install/t3_interfaces/include/t3_interfaces/t3_interfaces/msg/detail/pose_estimate__rosidl_typesupport_fastrtps_c.h
-- Symlinking: /home/el-system/Documents/T3/ws_t3/install/t3_interfaces/include/t3_interfaces/t3_interfaces/msg/rosidl_typesupport_fastrtps_c__visibility_control.h
-- Symlinking: /home/el-system/Documents/T3/ws_t3/install/t3_interfaces/include/t3_interfaces/t3_interfaces/msg/detail/frame_info__rosidl_typesupport_introspection_c.h
-- Symlinking: /home/el-system/Documents/T3/ws_t3/install/t3_interfaces/include/t3_interfaces/t3_interfaces/msg/detail/pose_estimate__rosidl_typesupport_introspection_c.h
-- Symlinking: /home/el-system/Documents/T3/ws_t3/install/t3_interfaces/include/t3_interfaces/t3_interfaces/msg/rosidl_typesupport_introspection_c__visibility_control.h
-- Symlinking: /home/el-system/Documents/T3/ws_t3/install/t3_interfaces/include/t3_interfaces/t3_interfaces/msg/detail/frame_info__builder.hpp
-- Symlinking: /home/el-system/Documents/T3/ws_t3/install/t3_interfaces/include/t3_interfaces/t3_interfaces/msg/detail/frame_info__struct.hpp
-- Symlinking: /home/el-system/Documents/T3/ws_t3/install/t3_interfaces/include/t3_interfaces/t3_interfaces/msg/detail/frame_info__traits.hpp
-- Symlinking: /home/el-system/Documents/T3/ws_t3/install/t3_interfaces/include/t3_interfaces/t3_interfaces/msg/detail/frame_info__type_support.hpp
-- Symlinking: /home/el-system/Documents/T3/ws_t3/install/t3_interfaces/include/t3_interfaces/t3_interfaces/msg/detail/pose_estimate__builder.hpp
-- Symlinking: /home/el-system/Documents/T3/ws_t3/install/t3_interfaces/include/t3_interfaces/t3_interfaces/msg/detail/pose_estimate__struct.hpp
-- Symlinking: /home/el-system/Documents/T3/ws_t3/install/t3_interfaces/include/t3_interfaces/t3_interfaces/msg/detail/pose_estimate__traits.hpp
-- Symlinking: /home/el-system/Documents/T3/ws_t3/install/t3_interfaces/include/t3_interfaces/t3_interfaces/msg/detail/pose_estimate__type_support.hpp
-- Symlinking: /home/el-system/Documents/T3/ws_t3/install/t3_interfaces/include/t3_interfaces/t3_interfaces/msg/frame_info.hpp
-- Symlinking: /home/el-system/Documents/T3/ws_t3/install/t3_interfaces/include/t3_interfaces/t3_interfaces/msg/pose_estimate.hpp
-- Symlinking: /home/el-system/Documents/T3/ws_t3/install/t3_interfaces/include/t3_interfaces/t3_interfaces/msg/rosidl_generator_cpp__visibility_control.hpp
-- Symlinking: /home/el-system/Documents/T3/ws_t3/install/t3_interfaces/include/t3_interfaces/t3_interfaces/msg/detail/frame_info__rosidl_typesupport_fastrtps_cpp.hpp
-- Symlinking: /home/el-system/Documents/T3/ws_t3/install/t3_interfaces/include/t3_interfaces/t3_interfaces/msg/detail/pose_estimate__rosidl_typesupport_fastrtps_cpp.hpp
-- Symlinking: /home/el-system/Documents/T3/ws_t3/install/t3_interfaces/include/t3_interfaces/t3_interfaces/msg/rosidl_typesupport_fastrtps_cpp__visibility_control.h
-- Symlinking: /home/el-system/Documents/T3/ws_t3/install/t3_interfaces/include/t3_interfaces/t3_interfaces/msg/detail/frame_info__rosidl_typesupport_introspection_cpp.hpp
-- Symlinking: /home/el-system/Documents/T3/ws_t3/install/t3_interfaces/include/t3_interfaces/t3_interfaces/msg/detail/pose_estimate__rosidl_typesupport_introspection_cpp.hpp
-- Symlinking: /home/el-system/Documents/T3/ws_t3/install/t3_interfaces/share/t3_interfaces/environment/pythonpath.sh
-- Symlinking: /home/el-system/Documents/T3/ws_t3/install/t3_interfaces/share/t3_interfaces/environment/pythonpath.dsv
-- Symlinking: /home/el-system/Documents/T3/ws_t3/install/t3_interfaces/local/lib/python3.10/dist-packages/t3_interfaces-0.1.0-py3.10.egg-info/PKG-INFO
-- Symlinking: /home/el-system/Documents/T3/ws_t3/install/t3_interfaces/local/lib/python3.10/dist-packages/t3_interfaces-0.1.0-py3.10.egg-info/SOURCES.txt
-- Symlinking: /home/el-system/Documents/T3/ws_t3/install/t3_interfaces/local/lib/python3.10/dist-packages/t3_interfaces-0.1.0-py3.10.egg-info/dependency_links.txt
-- Symlinking: /home/el-system/Documents/T3/ws_t3/install/t3_interfaces/local/lib/python3.10/dist-packages/t3_interfaces-0.1.0-py3.10.egg-info/top_level.txt
-- Symlinking: /home/el-system/Documents/T3/ws_t3/install/t3_interfaces/local/lib/python3.10/dist-packages/t3_interfaces/__init__.py
-- Symlinking: /home/el-system/Documents/T3/ws_t3/install/t3_interfaces/local/lib/python3.10/dist-packages/t3_interfaces/_t3_interfaces_s.ep.rosidl_typesupport_c.c
-- Symlinking: /home/el-system/Documents/T3/ws_t3/install/t3_interfaces/local/lib/python3.10/dist-packages/t3_interfaces/_t3_interfaces_s.ep.rosidl_typesupport_fastrtps_c.c
-- Symlinking: /home/el-system/Documents/T3/ws_t3/install/t3_interfaces/local/lib/python3.10/dist-packages/t3_interfaces/_t3_interfaces_s.ep.rosidl_typesupport_introspection_c.c
-- Symlinking: /home/el-system/Documents/T3/ws_t3/install/t3_interfaces/local/lib/python3.10/dist-packages/t3_interfaces/libt3_interfaces__rosidl_generator_py.so
-- Symlinking: /home/el-system/Documents/T3/ws_t3/install/t3_interfaces/local/lib/python3.10/dist-packages/t3_interfaces/msg/__init__.py
-- Symlinking: /home/el-system/Documents/T3/ws_t3/install/t3_interfaces/local/lib/python3.10/dist-packages/t3_interfaces/msg/_frame_info.py
-- Symlinking: /home/el-system/Documents/T3/ws_t3/install/t3_interfaces/local/lib/python3.10/dist-packages/t3_interfaces/msg/_frame_info_s.c
-- Symlinking: /home/el-system/Documents/T3/ws_t3/install/t3_interfaces/local/lib/python3.10/dist-packages/t3_interfaces/msg/_pose_estimate.py
-- Symlinking: /home/el-system/Documents/T3/ws_t3/install/t3_interfaces/local/lib/python3.10/dist-packages/t3_interfaces/msg/_pose_estimate_s.c
-- Symlinking: /home/el-system/Documents/T3/ws_t3/install/t3_interfaces/local/lib/python3.10/dist-packages/t3_interfaces/t3_interfaces_s__rosidl_typesupport_c.cpython-310-x86_64-linux-gnu.so
-- Symlinking: /home/el-system/Documents/T3/ws_t3/install/t3_interfaces/local/lib/python3.10/dist-packages/t3_interfaces/t3_interfaces_s__rosidl_typesupport_fastrtps_c.cpython-310-x86_64-linux-gnu.so
-- Symlinking: /home/el-system/Documents/T3/ws_t3/install/t3_interfaces/local/lib/python3.10/dist-packages/t3_interfaces/t3_interfaces_s__rosidl_typesupport_introspection_c.cpython-310-x86_64-linux-gnu.so
-- Up-to-date symlink: /home/el-system/Documents/T3/ws_t3/install/t3_interfaces/local/lib/python3.10/dist-packages/t3_interfaces/t3_interfaces_s__rosidl_typesupport_fastrtps_c.cpython-310-x86_64-linux-gnu.so
-- Up-to-date symlink: /home/el-system/Documents/T3/ws_t3/install/t3_interfaces/local/lib/python3.10/dist-packages/t3_interfaces/t3_interfaces_s__rosidl_typesupport_introspection_c.cpython-310-x86_64-linux-gnu.so
-- Up-to-date symlink: /home/el-system/Documents/T3/ws_t3/install/t3_interfaces/local/lib/python3.10/dist-packages/t3_interfaces/t3_interfaces_s__rosidl_typesupport_c.cpython-310-x86_64-linux-gnu.so
-- Symlinking: /home/el-system/Documents/T3/ws_t3/install/t3_interfaces/share/ament_index/resource_index/rust_packages/t3_interfaces
-- Symlinking: /home/el-system/Documents/T3/ws_t3/install/t3_interfaces/share/t3_interfaces/rust/Cargo.toml
-- Symlinking: /home/el-system/Documents/T3/ws_t3/install/t3_interfaces/share/t3_interfaces/rust/build.rs
-- Symlinking: /home/el-system/Documents/T3/ws_t3/install/t3_interfaces/share/t3_interfaces/rust/src/lib.rs
-- Symlinking: /home/el-system/Documents/T3/ws_t3/install/t3_interfaces/share/t3_interfaces/rust/src/msg.rs
-- Symlinking: /home/el-system/Documents/T3/ws_t3/install/t3_interfaces/share/t3_interfaces/rust/src/msg/rmw.rs
-- Symlinking: /home/el-system/Documents/T3/ws_t3/install/t3_interfaces/share/t3_interfaces/msg/FrameInfo.idl
-- Symlinking: /home/el-system/Documents/T3/ws_t3/install/t3_interfaces/share/t3_interfaces/msg/PoseEstimate.idl
-- Symlinking: /home/el-system/Documents/T3/ws_t3/install/t3_interfaces/share/t3_interfaces/msg/FrameInfo.msg
-- Symlinking: /home/el-system/Documents/T3/ws_t3/install/t3_interfaces/share/t3_interfaces/msg/PoseEstimate.msg
-- Symlinking: /home/el-system/Documents/T3/ws_t3/install/t3_interfaces/share/ament_index/resource_index/package_run_dependencies/t3_interfaces
-- Symlinking: /home/el-system/Documents/T3/ws_t3/install/t3_interfaces/share/ament_index/resource_index/parent_prefix_path/t3_interfaces
-- Symlinking: /home/el-system/Documents/T3/ws_t3/install/t3_interfaces/share/t3_interfaces/environment/ament_prefix_path.sh
-- Symlinking: /home/el-system/Documents/T3/ws_t3/install/t3_interfaces/share/t3_interfaces/environment/ament_prefix_path.dsv
-- Symlinking: /home/el-system/Documents/T3/ws_t3/install/t3_interfaces/share/t3_interfaces/environment/path.sh
-- Symlinking: /home/el-system/Documents/T3/ws_t3/install/t3_interfaces/share/t3_interfaces/environment/path.dsv
-- Symlinking: /home/el-system/Documents/T3/ws_t3/install/t3_interfaces/share/t3_interfaces/local_setup.bash
-- Symlinking: /home/el-system/Documents/T3/ws_t3/install/t3_interfaces/share/t3_interfaces/local_setup.sh
-- Symlinking: /home/el-system/Documents/T3/ws_t3/install/t3_interfaces/share/t3_interfaces/local_setup.zsh
-- Symlinking: /home/el-system/Documents/T3/ws_t3/install/t3_interfaces/share/t3_interfaces/local_setup.dsv
-- Symlinking: /home/el-system/Documents/T3/ws_t3/install/t3_interfaces/share/t3_interfaces/package.dsv
-- Symlinking: /home/el-system/Documents/T3/ws_t3/install/t3_interfaces/share/ament_index/resource_index/packages/t3_interfaces
-- Symlinking: /home/el-system/Documents/T3/ws_t3/install/t3_interfaces/share/t3_interfaces/cmake/rosidl_cmake-extras.cmake
-- Symlinking: /home/el-system/Documents/T3/ws_t3/install/t3_interfaces/share/t3_interfaces/cmake/ament_cmake_export_dependencies-extras.cmake
-- Symlinking: /home/el-system/Documents/T3/ws_t3/install/t3_interfaces/share/t3_interfaces/cmake/ament_cmake_export_include_directories-extras.cmake
-- Symlinking: /home/el-system/Documents/T3/ws_t3/install/t3_interfaces/share/t3_interfaces/cmake/ament_cmake_export_libraries-extras.cmake
-- Symlinking: /home/el-system/Documents/T3/ws_t3/install/t3_interfaces/share/t3_interfaces/cmake/ament_cmake_export_targets-extras.cmake
-- Symlinking: /home/el-system/Documents/T3/ws_t3/install/t3_interfaces/share/t3_interfaces/cmake/rosidl_cmake_export_typesupport_targets-extras.cmake
-- Symlinking: /home/el-system/Documents/T3/ws_t3/install/t3_interfaces/share/t3_interfaces/cmake/rosidl_cmake_export_typesupport_libraries-extras.cmake
-- Symlinking: /home/el-system/Documents/T3/ws_t3/install/t3_interfaces/share/t3_interfaces/cmake/t3_interfacesConfig.cmake
-- Symlinking: /home/el-system/Documents/T3/ws_t3/install/t3_interfaces/share/t3_interfaces/cmake/t3_interfacesConfig-version.cmake
-- Symlinking: /home/el-system/Documents/T3/ws_t3/install/t3_interfaces/share/t3_interfaces/package.xml
-- Installing: /home/el-system/Documents/T3/ws_t3/install/t3_interfaces/lib/libt3_interfaces__rosidl_generator_c.so
-- Set non-toolchain portion of runtime path of "/home/el-system/Documents/T3/ws_t3/install/t3_interfaces/lib/libt3_interfaces__rosidl_generator_c.so" to ""
-- Installing: /home/el-system/Documents/T3/ws_t3/install/t3_interfaces/lib/libt3_interfaces__rosidl_typesupport_fastrtps_c.so
-- Set non-toolchain portion of runtime path of "/home/el-system/Documents/T3/ws_t3/install/t3_interfaces/lib/libt3_interfaces__rosidl_typesupport_fastrtps_c.so" to ""
-- Installing: /home/el-system/Documents/T3/ws_t3/install/t3_interfaces/lib/libt3_interfaces__rosidl_typesupport_introspection_c.so
-- Set non-toolchain portion of runtime path of "/home/el-system/Documents/T3/ws_t3/install/t3_interfaces/lib/libt3_interfaces__rosidl_typesupport_introspection_c.so" to ""
-- Installing: /home/el-system/Documents/T3/ws_t3/install/t3_interfaces/lib/libt3_interfaces__rosidl_typesupport_c.so
-- Set non-toolchain portion of runtime path of "/home/el-system/Documents/T3/ws_t3/install/t3_interfaces/lib/libt3_interfaces__rosidl_typesupport_c.so" to ""
-- Installing: /home/el-system/Documents/T3/ws_t3/install/t3_interfaces/lib/libt3_interfaces__rosidl_typesupport_fastrtps_cpp.so
-- Set non-toolchain portion of runtime path of "/home/el-system/Documents/T3/ws_t3/install/t3_interfaces/lib/libt3_interfaces__rosidl_typesupport_fastrtps_cpp.so" to ""
-- Installing: /home/el-system/Documents/T3/ws_t3/install/t3_interfaces/lib/libt3_interfaces__rosidl_typesupport_introspection_cpp.so
-- Set non-toolchain portion of runtime path of "/home/el-system/Documents/T3/ws_t3/install/t3_interfaces/lib/libt3_interfaces__rosidl_typesupport_introspection_cpp.so" to ""
-- Installing: /home/el-system/Documents/T3/ws_t3/install/t3_interfaces/lib/libt3_interfaces__rosidl_typesupport_cpp.so
-- Set non-toolchain portion of runtime path of "/home/el-system/Documents/T3/ws_t3/install/t3_interfaces/lib/libt3_interfaces__rosidl_typesupport_cpp.so" to ""
Listing '/home/el-system/Documents/T3/ws_t3/install/t3_interfaces/local/lib/python3.10/dist-packages/t3_interfaces'...
Compiling '/home/el-system/Documents/T3/ws_t3/install/t3_interfaces/local/lib/python3.10/dist-packages/t3_interfaces/__init__.py'...
Listing '/home/el-system/Documents/T3/ws_t3/install/t3_interfaces/local/lib/python3.10/dist-packages/t3_interfaces/msg'...
Compiling '/home/el-system/Documents/T3/ws_t3/install/t3_interfaces/local/lib/python3.10/dist-packages/t3_interfaces/msg/__init__.py'...
Compiling '/home/el-system/Documents/T3/ws_t3/install/t3_interfaces/local/lib/python3.10/dist-packages/t3_interfaces/msg/_frame_info.py'...
Compiling '/home/el-system/Documents/T3/ws_t3/install/t3_interfaces/local/lib/python3.10/dist-packages/t3_interfaces/msg/_pose_estimate.py'...
-- Installing: /home/el-system/Documents/T3/ws_t3/install/t3_interfaces/lib/libt3_interfaces__rosidl_generator_py.so
-- Set non-toolchain portion of runtime path of "/home/el-system/Documents/T3/ws_t3/install/t3_interfaces/lib/libt3_interfaces__rosidl_generator_py.so" to ""
-- Installing: /home/el-system/Documents/T3/ws_t3/install/t3_interfaces/share/t3_interfaces/cmake/export_t3_interfaces__rosidl_generator_cExport.cmake
-- Installing: /home/el-system/Documents/T3/ws_t3/install/t3_interfaces/share/t3_interfaces/cmake/export_t3_interfaces__rosidl_generator_cExport-noconfig.cmake
-- Installing: /home/el-system/Documents/T3/ws_t3/install/t3_interfaces/share/t3_interfaces/cmake/export_t3_interfaces__rosidl_typesupport_fastrtps_cExport.cmake
-- Installing: /home/el-system/Documents/T3/ws_t3/install/t3_interfaces/share/t3_interfaces/cmake/export_t3_interfaces__rosidl_typesupport_fastrtps_cExport-noconfig.cmake
-- Installing: /home/el-system/Documents/T3/ws_t3/install/t3_interfaces/share/t3_interfaces/cmake/t3_interfaces__rosidl_typesupport_introspection_cExport.cmake
-- Installing: /home/el-system/Documents/T3/ws_t3/install/t3_interfaces/share/t3_interfaces/cmake/t3_interfaces__rosidl_typesupport_introspection_cExport-noconfig.cmake
-- Installing: /home/el-system/Documents/T3/ws_t3/install/t3_interfaces/share/t3_interfaces/cmake/t3_interfaces__rosidl_typesupport_cExport.cmake
-- Installing: /home/el-system/Documents/T3/ws_t3/install/t3_interfaces/share/t3_interfaces/cmake/t3_interfaces__rosidl_typesupport_cExport-noconfig.cmake
-- Installing: /home/el-system/Documents/T3/ws_t3/install/t3_interfaces/share/t3_interfaces/cmake/export_t3_interfaces__rosidl_generator_cppExport.cmake
-- Installing: /home/el-system/Documents/T3/ws_t3/install/t3_interfaces/share/t3_interfaces/cmake/export_t3_interfaces__rosidl_typesupport_fastrtps_cppExport.cmake
-- Installing: /home/el-system/Documents/T3/ws_t3/install/t3_interfaces/share/t3_interfaces/cmake/export_t3_interfaces__rosidl_typesupport_fastrtps_cppExport-noconfig.cmake
-- Installing: /home/el-system/Documents/T3/ws_t3/install/t3_interfaces/share/t3_interfaces/cmake/t3_interfaces__rosidl_typesupport_introspection_cppExport.cmake
-- Installing: /home/el-system/Documents/T3/ws_t3/install/t3_interfaces/share/t3_interfaces/cmake/t3_interfaces__rosidl_typesupport_introspection_cppExport-noconfig.cmake
-- Installing: /home/el-system/Documents/T3/ws_t3/install/t3_interfaces/share/t3_interfaces/cmake/t3_interfaces__rosidl_typesupport_cppExport.cmake
-- Installing: /home/el-system/Documents/T3/ws_t3/install/t3_interfaces/share/t3_interfaces/cmake/t3_interfaces__rosidl_typesupport_cppExport-noconfig.cmake
-- Installing: /home/el-system/Documents/T3/ws_t3/install/t3_interfaces/share/t3_interfaces/cmake/export_t3_interfaces__rosidl_generator_pyExport.cmake
-- Installing: /home/el-system/Documents/T3/ws_t3/install/t3_interfaces/share/t3_interfaces/cmake/export_t3_interfaces__rosidl_generator_pyExport-noconfig.cmake
