[0.016s] Invoking command in '/home/el-system/Documents/T3/ws_t3/build/t3_interfaces': CMAKE_PREFIX_PATH=${CMAKE_PREFIX_PATH}:/opt/ros/humble /usr/local/bin/cmake /home/el-system/Documents/T3/ws_t3/src/t3_interfaces -DAMENT_CMAKE_SYMLINK_INSTALL=1 -DCMAKE_INSTALL_PREFIX=/home/el-system/Documents/T3/ws_t3/install/t3_interfaces
[0.036s] CMake Deprecation Warning at CMakeLists.txt:1 (cmake_minimum_required):
[0.036s]   Compatibility with CMake < 3.10 will be removed from a future version of
[0.036s]   CMake.
[0.036s] 
[0.036s]   Update the VERSION argument <min> value.  Or, use the <min>...<max> syntax
[0.036s]   to tell CMake that the project requires at least <min> but has been updated
[0.036s]   to work with policies introduced by <max> or earlier.
[0.037s] 
[0.037s] 
[0.134s] -- The C compiler identification is GNU 11.4.0
[0.248s] -- The CXX compiler identification is GNU 11.4.0
[0.266s] -- Detecting C compiler ABI info
[0.344s] -- Detecting C compiler ABI info - done
[0.364s] -- Check for working C compiler: /usr/bin/cc - skipped
[0.365s] -- Detecting C compile features
[0.366s] -- Detecting C compile features - done
[0.387s] -- Detecting CXX compiler ABI info
[0.463s] -- Detecting CXX compiler ABI info - done
[0.493s] -- Check for working CXX compiler: /usr/bin/c++ - skipped
[0.494s] -- Detecting CXX compile features
[0.495s] -- Detecting CXX compile features - done
[0.510s] -- Found ament_cmake: 1.3.14 (/opt/ros/humble/share/ament_cmake/cmake)
[0.683s] -- Found Python3: /usr/bin/python3 (found version "3.10.12") found components: Interpreter
[0.785s] -- Override CMake install command with custom implementation using symlinks instead of copying resources
[0.870s] -- Found rosidl_default_generators: 1.2.1 (/opt/ros/humble/share/rosidl_default_generators/cmake)
[0.881s] -- Using all available rosidl_typesupport_c: rosidl_typesupport_fastrtps_c;rosidl_typesupport_introspection_c
[0.897s] -- Found rosidl_adapter: 3.1.8 (/opt/ros/humble/share/rosidl_adapter/cmake)
[0.991s] -- Using all available rosidl_typesupport_cpp: rosidl_typesupport_fastrtps_cpp;rosidl_typesupport_introspection_cpp
[1.073s] -- Found std_msgs: 4.9.1 (/opt/ros/humble/share/std_msgs/cmake)
[1.123s] -- Found sensor_msgs: 4.9.1 (/opt/ros/humble/share/sensor_msgs/cmake)
[1.815s] -- Found ament_cmake_ros: 0.10.0 (/opt/ros/humble/share/ament_cmake_ros/cmake)
[2.485s] -- Using all available rosidl_typesupport_c: rosidl_typesupport_fastrtps_c;rosidl_typesupport_introspection_c
[3.221s] -- Using all available rosidl_typesupport_cpp: rosidl_typesupport_fastrtps_cpp;rosidl_typesupport_introspection_cpp
[3.223s] CMake Warning (dev) at /opt/ros/humble/share/rosidl_generator_py/cmake/rosidl_generator_py_generate_interfaces.cmake:20 (find_package):
[3.223s]   Policy CMP0148 is not set: The FindPythonInterp and FindPythonLibs modules
[3.224s]   are removed.  Run "cmake --help-policy CMP0148" for policy details.  Use
[3.224s]   the cmake_policy command to set the policy and suppress this warning.
[3.224s] 
[3.224s] Call Stack (most recent call first):
[3.224s]   /opt/ros/humble/share/ament_cmake_core/cmake/core/ament_execute_extensions.cmake:48 (include)
[3.224s]   /opt/ros/humble/share/rosidl_cmake/cmake/rosidl_generate_interfaces.cmake:286 (ament_execute_extensions)
[3.224s]   CMakeLists.txt:9 (rosidl_generate_interfaces)
[3.224s] This warning is for project developers.  Use -Wno-dev to suppress it.
[3.224s] 
[3.252s] -- Found PythonInterp: /usr/bin/python3 (found suitable version "3.10.12", minimum required is "3.6")
[3.253s] -- Found python_cmake_module: 0.10.0 (/opt/ros/humble/share/python_cmake_module/cmake)
[3.254s] CMake Warning (dev) at /opt/ros/humble/share/python_cmake_module/cmake/Modules/FindPythonExtra.cmake:52 (find_package):
[3.254s]   Policy CMP0148 is not set: The FindPythonInterp and FindPythonLibs modules
[3.254s]   are removed.  Run "cmake --help-policy CMP0148" for policy details.  Use
[3.254s]   the cmake_policy command to set the policy and suppress this warning.
[3.254s] 
[3.254s] Call Stack (most recent call first):
[3.255s]   /opt/ros/humble/share/rosidl_generator_py/cmake/rosidl_generator_py_generate_interfaces.cmake:23 (find_package)
[3.255s]   /opt/ros/humble/share/ament_cmake_core/cmake/core/ament_execute_extensions.cmake:48 (include)
[3.255s]   /opt/ros/humble/share/rosidl_cmake/cmake/rosidl_generate_interfaces.cmake:286 (ament_execute_extensions)
[3.255s]   CMakeLists.txt:9 (rosidl_generate_interfaces)
[3.255s] This warning is for project developers.  Use -Wno-dev to suppress it.
[3.255s] 
[3.284s] CMake Warning (dev) at /opt/ros/humble/share/python_cmake_module/cmake/Modules/FindPythonExtra.cmake:140 (find_package):
[3.284s]   Policy CMP0148 is not set: The FindPythonInterp and FindPythonLibs modules
[3.284s]   are removed.  Run "cmake --help-policy CMP0148" for policy details.  Use
[3.284s]   the cmake_policy command to set the policy and suppress this warning.
[3.284s] 
[3.284s] Call Stack (most recent call first):
[3.285s]   /opt/ros/humble/share/rosidl_generator_py/cmake/rosidl_generator_py_generate_interfaces.cmake:23 (find_package)
[3.285s]   /opt/ros/humble/share/ament_cmake_core/cmake/core/ament_execute_extensions.cmake:48 (include)
[3.285s]   /opt/ros/humble/share/rosidl_cmake/cmake/rosidl_generate_interfaces.cmake:286 (ament_execute_extensions)
[3.285s]   CMakeLists.txt:9 (rosidl_generate_interfaces)
[3.285s] This warning is for project developers.  Use -Wno-dev to suppress it.
[3.285s] 
[3.305s] -- Found PythonLibs: /usr/lib/x86_64-linux-gnu/libpython3.10.so (found suitable version "3.10.12", minimum required is "3.5")
[3.305s] -- Using PYTHON_EXECUTABLE: /usr/bin/python3
[3.306s] -- Using PYTHON_INCLUDE_DIRS: /usr/include/python3.10
[3.306s] -- Using PYTHON_LIBRARIES: /usr/lib/x86_64-linux-gnu/libpython3.10.so
[3.331s] -- Found PythonExtra: .so
[3.584s] -- Configuring done (3.5s)
[3.618s] -- Generating done (0.0s)
[3.624s] -- Build files have been written to: /home/el-system/Documents/T3/ws_t3/build/t3_interfaces
[3.632s] Invoked command in '/home/el-system/Documents/T3/ws_t3/build/t3_interfaces' returned '0': CMAKE_PREFIX_PATH=${CMAKE_PREFIX_PATH}:/opt/ros/humble /usr/local/bin/cmake /home/el-system/Documents/T3/ws_t3/src/t3_interfaces -DAMENT_CMAKE_SYMLINK_INSTALL=1 -DCMAKE_INSTALL_PREFIX=/home/el-system/Documents/T3/ws_t3/install/t3_interfaces
[3.635s] Invoking command in '/home/el-system/Documents/T3/ws_t3/build/t3_interfaces': CMAKE_PREFIX_PATH=${CMAKE_PREFIX_PATH}:/opt/ros/humble /usr/local/bin/cmake --build /home/el-system/Documents/T3/ws_t3/build/t3_interfaces -- -j12 -l12
[3.657s] [  2%] Generating C code for ROS interfaces
[3.657s] [  2%] Built target ament_cmake_python_symlink_t3_interfaces
[3.659s] [  5%] Generating C++ code for ROS interfaces
[3.660s] [  7%] Generating Rust code for ROS interfaces
[3.863s] running egg_info
[3.864s] creating t3_interfaces.egg-info
[3.864s] writing t3_interfaces.egg-info/PKG-INFO
[3.864s] writing dependency_links to t3_interfaces.egg-info/dependency_links.txt
[3.865s] writing top-level names to t3_interfaces.egg-info/top_level.txt
[3.865s] writing manifest file 't3_interfaces.egg-info/SOURCES.txt'
[3.867s] reading manifest file 't3_interfaces.egg-info/SOURCES.txt'
[3.868s] writing manifest file 't3_interfaces.egg-info/SOURCES.txt'
[3.892s] [  7%] Built target ament_cmake_python_build_t3_interfaces_egg
[4.096s] [ 10%] Building C object CMakeFiles/t3_interfaces__rosidl_generator_c.dir/rosidl_generator_c/t3_interfaces/msg/detail/frame_info__functions.c.o
[4.096s] [ 12%] Building C object CMakeFiles/t3_interfaces__rosidl_generator_c.dir/rosidl_generator_c/t3_interfaces/msg/detail/pose_estimate__functions.c.o
[4.111s] [ 12%] Built target t3_interfaces__rs
[4.183s] [ 15%] Linking C shared library libt3_interfaces__rosidl_generator_c.so
[4.217s] [ 15%] Built target t3_interfaces__rosidl_generator_c
[4.224s] [ 17%] Generating C type support for eProsima Fast-RTPS
[4.225s] [ 22%] Generating C type support dispatch for ROS interfaces
[4.225s] [ 22%] Generating C introspection for ROS interfaces
[4.356s] [ 22%] Built target t3_interfaces__cpp
[4.363s] [ 27%] Generating C++ type support dispatch for ROS interfaces
[4.363s] [ 27%] Generating C++ type support for eProsima Fast-RTPS
[4.363s] [ 30%] Generating C++ introspection for ROS interfaces
[4.673s] [ 32%] Building CXX object CMakeFiles/t3_interfaces__rosidl_typesupport_c.dir/rosidl_typesupport_c/t3_interfaces/msg/frame_info__type_support.cpp.o
[4.674s] [ 35%] Building CXX object CMakeFiles/t3_interfaces__rosidl_typesupport_c.dir/rosidl_typesupport_c/t3_interfaces/msg/pose_estimate__type_support.cpp.o
[4.725s] [ 37%] Linking CXX shared library libt3_interfaces__rosidl_typesupport_c.so
[4.782s] [ 37%] Built target t3_interfaces__rosidl_typesupport_c
[4.791s] [ 40%] Building C object CMakeFiles/t3_interfaces__rosidl_typesupport_introspection_c.dir/rosidl_typesupport_introspection_c/t3_interfaces/msg/detail/pose_estimate__type_support.c.o
[4.791s] [ 42%] Building C object CMakeFiles/t3_interfaces__rosidl_typesupport_introspection_c.dir/rosidl_typesupport_introspection_c/t3_interfaces/msg/detail/frame_info__type_support.c.o
[4.853s] [ 45%] Linking C shared library libt3_interfaces__rosidl_typesupport_introspection_c.so
[4.895s] [ 45%] Built target t3_interfaces__rosidl_typesupport_introspection_c
[4.970s] [ 47%] Building CXX object CMakeFiles/t3_interfaces__rosidl_typesupport_fastrtps_c.dir/rosidl_typesupport_fastrtps_c/t3_interfaces/msg/detail/frame_info__type_support_c.cpp.o
[4.970s] [ 50%] Building CXX object CMakeFiles/t3_interfaces__rosidl_typesupport_fastrtps_c.dir/rosidl_typesupport_fastrtps_c/t3_interfaces/msg/detail/pose_estimate__type_support_c.cpp.o
[5.011s] [ 52%] Building CXX object CMakeFiles/t3_interfaces__rosidl_typesupport_fastrtps_cpp.dir/rosidl_typesupport_fastrtps_cpp/t3_interfaces/msg/detail/dds_fastrtps/frame_info__type_support.cpp.o
[5.011s] [ 55%] Building CXX object CMakeFiles/t3_interfaces__rosidl_typesupport_fastrtps_cpp.dir/rosidl_typesupport_fastrtps_cpp/t3_interfaces/msg/detail/dds_fastrtps/pose_estimate__type_support.cpp.o
[5.082s] [ 57%] Building CXX object CMakeFiles/t3_interfaces__rosidl_typesupport_cpp.dir/rosidl_typesupport_cpp/t3_interfaces/msg/frame_info__type_support.cpp.o
[5.082s] [ 60%] Building CXX object CMakeFiles/t3_interfaces__rosidl_typesupport_cpp.dir/rosidl_typesupport_cpp/t3_interfaces/msg/pose_estimate__type_support.cpp.o
[5.083s] [ 62%] Building CXX object CMakeFiles/t3_interfaces__rosidl_typesupport_introspection_cpp.dir/rosidl_typesupport_introspection_cpp/t3_interfaces/msg/detail/frame_info__type_support.cpp.o
[5.086s] [ 65%] Building CXX object CMakeFiles/t3_interfaces__rosidl_typesupport_introspection_cpp.dir/rosidl_typesupport_introspection_cpp/t3_interfaces/msg/detail/pose_estimate__type_support.cpp.o
[5.668s] [ 67%] Linking CXX shared library libt3_interfaces__rosidl_typesupport_cpp.so
[5.725s] [ 67%] Built target t3_interfaces__rosidl_typesupport_cpp
[5.752s] [ 70%] Linking CXX shared library libt3_interfaces__rosidl_typesupport_introspection_cpp.so
[5.753s] [ 72%] Linking CXX shared library libt3_interfaces__rosidl_typesupport_fastrtps_c.so
[5.829s] [ 72%] Built target t3_interfaces__rosidl_typesupport_introspection_cpp
[5.834s] [ 72%] Built target t3_interfaces__rosidl_typesupport_fastrtps_c
[5.856s] [ 75%] Linking CXX shared library libt3_interfaces__rosidl_typesupport_fastrtps_cpp.so
[5.927s] [ 75%] Built target t3_interfaces__rosidl_typesupport_fastrtps_cpp
[5.940s] [ 75%] Built target t3_interfaces
[5.953s] [ 77%] Generating Python code for ROS interfaces
[6.367s] [ 77%] Built target t3_interfaces__py
[6.377s] [ 80%] Building C object CMakeFiles/t3_interfaces__rosidl_generator_py.dir/rosidl_generator_py/t3_interfaces/msg/_frame_info_s.c.o
[6.378s] [ 82%] Building C object CMakeFiles/t3_interfaces__rosidl_generator_py.dir/rosidl_generator_py/t3_interfaces/msg/_pose_estimate_s.c.o
[6.468s] [ 85%] Linking C shared library rosidl_generator_py/t3_interfaces/libt3_interfaces__rosidl_generator_py.so
[6.505s] [ 85%] Built target t3_interfaces__rosidl_generator_py
[6.519s] [ 90%] Building C object CMakeFiles/t3_interfaces__rosidl_typesupport_c__pyext.dir/rosidl_generator_py/t3_interfaces/_t3_interfaces_s.ep.rosidl_typesupport_c.c.o
[6.519s] [ 90%] Building C object CMakeFiles/t3_interfaces__rosidl_typesupport_fastrtps_c__pyext.dir/rosidl_generator_py/t3_interfaces/_t3_interfaces_s.ep.rosidl_typesupport_fastrtps_c.c.o
[6.519s] [ 92%] Building C object CMakeFiles/t3_interfaces__rosidl_typesupport_introspection_c__pyext.dir/rosidl_generator_py/t3_interfaces/_t3_interfaces_s.ep.rosidl_typesupport_introspection_c.c.o
[6.595s] [ 95%] Linking C shared library rosidl_generator_py/t3_interfaces/t3_interfaces_s__rosidl_typesupport_fastrtps_c.cpython-310-x86_64-linux-gnu.so
[6.622s] [ 97%] Linking C shared library rosidl_generator_py/t3_interfaces/t3_interfaces_s__rosidl_typesupport_c.cpython-310-x86_64-linux-gnu.so
[6.624s] [ 97%] Built target t3_interfaces__rosidl_typesupport_fastrtps_c__pyext
[6.649s] [100%] Linking C shared library rosidl_generator_py/t3_interfaces/t3_interfaces_s__rosidl_typesupport_introspection_c.cpython-310-x86_64-linux-gnu.so
[6.652s] [100%] Built target t3_interfaces__rosidl_typesupport_c__pyext
[6.685s] [100%] Built target t3_interfaces__rosidl_typesupport_introspection_c__pyext
[6.692s] Invoked command in '/home/el-system/Documents/T3/ws_t3/build/t3_interfaces' returned '0': CMAKE_PREFIX_PATH=${CMAKE_PREFIX_PATH}:/opt/ros/humble /usr/local/bin/cmake --build /home/el-system/Documents/T3/ws_t3/build/t3_interfaces -- -j12 -l12
[6.699s] Invoking command in '/home/el-system/Documents/T3/ws_t3/build/t3_interfaces': CMAKE_PREFIX_PATH=${CMAKE_PREFIX_PATH}:/opt/ros/humble /usr/local/bin/cmake --install /home/el-system/Documents/T3/ws_t3/build/t3_interfaces
[6.705s] -- Install configuration: ""
[6.706s] -- Execute custom install script
[6.707s] -- Symlinking: /home/el-system/Documents/T3/ws_t3/install/t3_interfaces/share/ament_index/resource_index/rosidl_interfaces/t3_interfaces
[6.711s] -- Symlinking: /home/el-system/Documents/T3/ws_t3/install/t3_interfaces/include/t3_interfaces/t3_interfaces/msg/detail/frame_info__functions.h
[6.715s] -- Symlinking: /home/el-system/Documents/T3/ws_t3/install/t3_interfaces/include/t3_interfaces/t3_interfaces/msg/detail/frame_info__struct.h
[6.719s] -- Symlinking: /home/el-system/Documents/T3/ws_t3/install/t3_interfaces/include/t3_interfaces/t3_interfaces/msg/detail/frame_info__type_support.h
[6.723s] -- Symlinking: /home/el-system/Documents/T3/ws_t3/install/t3_interfaces/include/t3_interfaces/t3_interfaces/msg/detail/pose_estimate__functions.h
[6.727s] -- Symlinking: /home/el-system/Documents/T3/ws_t3/install/t3_interfaces/include/t3_interfaces/t3_interfaces/msg/detail/pose_estimate__struct.h
[6.731s] -- Symlinking: /home/el-system/Documents/T3/ws_t3/install/t3_interfaces/include/t3_interfaces/t3_interfaces/msg/detail/pose_estimate__type_support.h
[6.735s] -- Symlinking: /home/el-system/Documents/T3/ws_t3/install/t3_interfaces/include/t3_interfaces/t3_interfaces/msg/frame_info.h
[6.738s] -- Symlinking: /home/el-system/Documents/T3/ws_t3/install/t3_interfaces/include/t3_interfaces/t3_interfaces/msg/pose_estimate.h
[6.740s] -- Symlinking: /home/el-system/Documents/T3/ws_t3/install/t3_interfaces/include/t3_interfaces/t3_interfaces/msg/rosidl_generator_c__visibility_control.h
[6.743s] -- Symlinking: /home/el-system/Documents/T3/ws_t3/install/t3_interfaces/share/t3_interfaces/environment/library_path.sh
[6.746s] -- Symlinking: /home/el-system/Documents/T3/ws_t3/install/t3_interfaces/share/t3_interfaces/environment/library_path.dsv
[6.748s] -- Symlinking: /home/el-system/Documents/T3/ws_t3/install/t3_interfaces/include/t3_interfaces/t3_interfaces/msg/detail/frame_info__rosidl_typesupport_fastrtps_c.h
[6.751s] -- Symlinking: /home/el-system/Documents/T3/ws_t3/install/t3_interfaces/include/t3_interfaces/t3_interfaces/msg/detail/pose_estimate__rosidl_typesupport_fastrtps_c.h
[6.753s] -- Symlinking: /home/el-system/Documents/T3/ws_t3/install/t3_interfaces/include/t3_interfaces/t3_interfaces/msg/rosidl_typesupport_fastrtps_c__visibility_control.h
[6.756s] -- Symlinking: /home/el-system/Documents/T3/ws_t3/install/t3_interfaces/include/t3_interfaces/t3_interfaces/msg/detail/frame_info__rosidl_typesupport_introspection_c.h
[6.758s] -- Symlinking: /home/el-system/Documents/T3/ws_t3/install/t3_interfaces/include/t3_interfaces/t3_interfaces/msg/detail/pose_estimate__rosidl_typesupport_introspection_c.h
[6.761s] -- Symlinking: /home/el-system/Documents/T3/ws_t3/install/t3_interfaces/include/t3_interfaces/t3_interfaces/msg/rosidl_typesupport_introspection_c__visibility_control.h
[6.764s] -- Symlinking: /home/el-system/Documents/T3/ws_t3/install/t3_interfaces/include/t3_interfaces/t3_interfaces/msg/detail/frame_info__builder.hpp
[6.767s] -- Symlinking: /home/el-system/Documents/T3/ws_t3/install/t3_interfaces/include/t3_interfaces/t3_interfaces/msg/detail/frame_info__struct.hpp
[6.770s] -- Symlinking: /home/el-system/Documents/T3/ws_t3/install/t3_interfaces/include/t3_interfaces/t3_interfaces/msg/detail/frame_info__traits.hpp
[6.773s] -- Symlinking: /home/el-system/Documents/T3/ws_t3/install/t3_interfaces/include/t3_interfaces/t3_interfaces/msg/detail/frame_info__type_support.hpp
[6.777s] -- Symlinking: /home/el-system/Documents/T3/ws_t3/install/t3_interfaces/include/t3_interfaces/t3_interfaces/msg/detail/pose_estimate__builder.hpp
[6.779s] -- Symlinking: /home/el-system/Documents/T3/ws_t3/install/t3_interfaces/include/t3_interfaces/t3_interfaces/msg/detail/pose_estimate__struct.hpp
[6.782s] -- Symlinking: /home/el-system/Documents/T3/ws_t3/install/t3_interfaces/include/t3_interfaces/t3_interfaces/msg/detail/pose_estimate__traits.hpp
[6.785s] -- Symlinking: /home/el-system/Documents/T3/ws_t3/install/t3_interfaces/include/t3_interfaces/t3_interfaces/msg/detail/pose_estimate__type_support.hpp
[6.788s] -- Symlinking: /home/el-system/Documents/T3/ws_t3/install/t3_interfaces/include/t3_interfaces/t3_interfaces/msg/frame_info.hpp
[6.791s] -- Symlinking: /home/el-system/Documents/T3/ws_t3/install/t3_interfaces/include/t3_interfaces/t3_interfaces/msg/pose_estimate.hpp
[6.794s] -- Symlinking: /home/el-system/Documents/T3/ws_t3/install/t3_interfaces/include/t3_interfaces/t3_interfaces/msg/rosidl_generator_cpp__visibility_control.hpp
[6.798s] -- Symlinking: /home/el-system/Documents/T3/ws_t3/install/t3_interfaces/include/t3_interfaces/t3_interfaces/msg/detail/frame_info__rosidl_typesupport_fastrtps_cpp.hpp
[6.802s] -- Symlinking: /home/el-system/Documents/T3/ws_t3/install/t3_interfaces/include/t3_interfaces/t3_interfaces/msg/detail/pose_estimate__rosidl_typesupport_fastrtps_cpp.hpp
[6.805s] -- Symlinking: /home/el-system/Documents/T3/ws_t3/install/t3_interfaces/include/t3_interfaces/t3_interfaces/msg/rosidl_typesupport_fastrtps_cpp__visibility_control.h
[6.809s] -- Symlinking: /home/el-system/Documents/T3/ws_t3/install/t3_interfaces/include/t3_interfaces/t3_interfaces/msg/detail/frame_info__rosidl_typesupport_introspection_cpp.hpp
[6.813s] -- Symlinking: /home/el-system/Documents/T3/ws_t3/install/t3_interfaces/include/t3_interfaces/t3_interfaces/msg/detail/pose_estimate__rosidl_typesupport_introspection_cpp.hpp
[6.816s] -- Symlinking: /home/el-system/Documents/T3/ws_t3/install/t3_interfaces/share/t3_interfaces/environment/pythonpath.sh
[6.819s] -- Symlinking: /home/el-system/Documents/T3/ws_t3/install/t3_interfaces/share/t3_interfaces/environment/pythonpath.dsv
[6.824s] -- Symlinking: /home/el-system/Documents/T3/ws_t3/install/t3_interfaces/local/lib/python3.10/dist-packages/t3_interfaces-0.1.0-py3.10.egg-info/PKG-INFO
[6.827s] -- Symlinking: /home/el-system/Documents/T3/ws_t3/install/t3_interfaces/local/lib/python3.10/dist-packages/t3_interfaces-0.1.0-py3.10.egg-info/SOURCES.txt
[6.831s] -- Symlinking: /home/el-system/Documents/T3/ws_t3/install/t3_interfaces/local/lib/python3.10/dist-packages/t3_interfaces-0.1.0-py3.10.egg-info/dependency_links.txt
[6.834s] -- Symlinking: /home/el-system/Documents/T3/ws_t3/install/t3_interfaces/local/lib/python3.10/dist-packages/t3_interfaces-0.1.0-py3.10.egg-info/top_level.txt
[6.838s] -- Symlinking: /home/el-system/Documents/T3/ws_t3/install/t3_interfaces/local/lib/python3.10/dist-packages/t3_interfaces/__init__.py
[6.840s] -- Symlinking: /home/el-system/Documents/T3/ws_t3/install/t3_interfaces/local/lib/python3.10/dist-packages/t3_interfaces/_t3_interfaces_s.ep.rosidl_typesupport_c.c
[6.842s] -- Symlinking: /home/el-system/Documents/T3/ws_t3/install/t3_interfaces/local/lib/python3.10/dist-packages/t3_interfaces/_t3_interfaces_s.ep.rosidl_typesupport_fastrtps_c.c
[6.845s] -- Symlinking: /home/el-system/Documents/T3/ws_t3/install/t3_interfaces/local/lib/python3.10/dist-packages/t3_interfaces/_t3_interfaces_s.ep.rosidl_typesupport_introspection_c.c
[6.848s] -- Symlinking: /home/el-system/Documents/T3/ws_t3/install/t3_interfaces/local/lib/python3.10/dist-packages/t3_interfaces/libt3_interfaces__rosidl_generator_py.so
[6.851s] -- Symlinking: /home/el-system/Documents/T3/ws_t3/install/t3_interfaces/local/lib/python3.10/dist-packages/t3_interfaces/msg/__init__.py
[6.853s] -- Symlinking: /home/el-system/Documents/T3/ws_t3/install/t3_interfaces/local/lib/python3.10/dist-packages/t3_interfaces/msg/_frame_info.py
[6.856s] -- Symlinking: /home/el-system/Documents/T3/ws_t3/install/t3_interfaces/local/lib/python3.10/dist-packages/t3_interfaces/msg/_frame_info_s.c
[6.859s] -- Symlinking: /home/el-system/Documents/T3/ws_t3/install/t3_interfaces/local/lib/python3.10/dist-packages/t3_interfaces/msg/_pose_estimate.py
[6.862s] -- Symlinking: /home/el-system/Documents/T3/ws_t3/install/t3_interfaces/local/lib/python3.10/dist-packages/t3_interfaces/msg/_pose_estimate_s.c
[6.864s] -- Symlinking: /home/el-system/Documents/T3/ws_t3/install/t3_interfaces/local/lib/python3.10/dist-packages/t3_interfaces/t3_interfaces_s__rosidl_typesupport_c.cpython-310-x86_64-linux-gnu.so
[6.866s] -- Symlinking: /home/el-system/Documents/T3/ws_t3/install/t3_interfaces/local/lib/python3.10/dist-packages/t3_interfaces/t3_interfaces_s__rosidl_typesupport_fastrtps_c.cpython-310-x86_64-linux-gnu.so
[6.869s] -- Symlinking: /home/el-system/Documents/T3/ws_t3/install/t3_interfaces/local/lib/python3.10/dist-packages/t3_interfaces/t3_interfaces_s__rosidl_typesupport_introspection_c.cpython-310-x86_64-linux-gnu.so
[6.871s] -- Up-to-date symlink: /home/el-system/Documents/T3/ws_t3/install/t3_interfaces/local/lib/python3.10/dist-packages/t3_interfaces/t3_interfaces_s__rosidl_typesupport_fastrtps_c.cpython-310-x86_64-linux-gnu.so
[6.871s] -- Up-to-date symlink: /home/el-system/Documents/T3/ws_t3/install/t3_interfaces/local/lib/python3.10/dist-packages/t3_interfaces/t3_interfaces_s__rosidl_typesupport_introspection_c.cpython-310-x86_64-linux-gnu.so
[6.872s] -- Up-to-date symlink: /home/el-system/Documents/T3/ws_t3/install/t3_interfaces/local/lib/python3.10/dist-packages/t3_interfaces/t3_interfaces_s__rosidl_typesupport_c.cpython-310-x86_64-linux-gnu.so
[6.872s] -- Symlinking: /home/el-system/Documents/T3/ws_t3/install/t3_interfaces/share/ament_index/resource_index/rust_packages/t3_interfaces
[6.874s] -- Symlinking: /home/el-system/Documents/T3/ws_t3/install/t3_interfaces/share/t3_interfaces/rust/Cargo.toml
[6.877s] -- Symlinking: /home/el-system/Documents/T3/ws_t3/install/t3_interfaces/share/t3_interfaces/rust/build.rs
[6.879s] -- Symlinking: /home/el-system/Documents/T3/ws_t3/install/t3_interfaces/share/t3_interfaces/rust/src/lib.rs
[6.882s] -- Symlinking: /home/el-system/Documents/T3/ws_t3/install/t3_interfaces/share/t3_interfaces/rust/src/msg.rs
[6.884s] -- Symlinking: /home/el-system/Documents/T3/ws_t3/install/t3_interfaces/share/t3_interfaces/rust/src/msg/rmw.rs
[6.887s] -- Symlinking: /home/el-system/Documents/T3/ws_t3/install/t3_interfaces/share/t3_interfaces/msg/FrameInfo.idl
[6.889s] -- Symlinking: /home/el-system/Documents/T3/ws_t3/install/t3_interfaces/share/t3_interfaces/msg/PoseEstimate.idl
[6.892s] -- Symlinking: /home/el-system/Documents/T3/ws_t3/install/t3_interfaces/share/t3_interfaces/msg/FrameInfo.msg
[6.894s] -- Symlinking: /home/el-system/Documents/T3/ws_t3/install/t3_interfaces/share/t3_interfaces/msg/PoseEstimate.msg
[6.897s] -- Symlinking: /home/el-system/Documents/T3/ws_t3/install/t3_interfaces/share/ament_index/resource_index/package_run_dependencies/t3_interfaces
[6.899s] -- Symlinking: /home/el-system/Documents/T3/ws_t3/install/t3_interfaces/share/ament_index/resource_index/parent_prefix_path/t3_interfaces
[6.902s] -- Symlinking: /home/el-system/Documents/T3/ws_t3/install/t3_interfaces/share/t3_interfaces/environment/ament_prefix_path.sh
[6.904s] -- Symlinking: /home/el-system/Documents/T3/ws_t3/install/t3_interfaces/share/t3_interfaces/environment/ament_prefix_path.dsv
[6.907s] -- Symlinking: /home/el-system/Documents/T3/ws_t3/install/t3_interfaces/share/t3_interfaces/environment/path.sh
[6.909s] -- Symlinking: /home/el-system/Documents/T3/ws_t3/install/t3_interfaces/share/t3_interfaces/environment/path.dsv
[6.912s] -- Symlinking: /home/el-system/Documents/T3/ws_t3/install/t3_interfaces/share/t3_interfaces/local_setup.bash
[6.915s] -- Symlinking: /home/el-system/Documents/T3/ws_t3/install/t3_interfaces/share/t3_interfaces/local_setup.sh
[6.917s] -- Symlinking: /home/el-system/Documents/T3/ws_t3/install/t3_interfaces/share/t3_interfaces/local_setup.zsh
[6.920s] -- Symlinking: /home/el-system/Documents/T3/ws_t3/install/t3_interfaces/share/t3_interfaces/local_setup.dsv
[6.922s] -- Symlinking: /home/el-system/Documents/T3/ws_t3/install/t3_interfaces/share/t3_interfaces/package.dsv
[6.924s] -- Symlinking: /home/el-system/Documents/T3/ws_t3/install/t3_interfaces/share/ament_index/resource_index/packages/t3_interfaces
[6.927s] -- Symlinking: /home/el-system/Documents/T3/ws_t3/install/t3_interfaces/share/t3_interfaces/cmake/rosidl_cmake-extras.cmake
[6.928s] -- Symlinking: /home/el-system/Documents/T3/ws_t3/install/t3_interfaces/share/t3_interfaces/cmake/ament_cmake_export_dependencies-extras.cmake
[6.931s] -- Symlinking: /home/el-system/Documents/T3/ws_t3/install/t3_interfaces/share/t3_interfaces/cmake/ament_cmake_export_include_directories-extras.cmake
[6.933s] -- Symlinking: /home/el-system/Documents/T3/ws_t3/install/t3_interfaces/share/t3_interfaces/cmake/ament_cmake_export_libraries-extras.cmake
[6.936s] -- Symlinking: /home/el-system/Documents/T3/ws_t3/install/t3_interfaces/share/t3_interfaces/cmake/ament_cmake_export_targets-extras.cmake
[6.938s] -- Symlinking: /home/el-system/Documents/T3/ws_t3/install/t3_interfaces/share/t3_interfaces/cmake/rosidl_cmake_export_typesupport_targets-extras.cmake
[6.940s] -- Symlinking: /home/el-system/Documents/T3/ws_t3/install/t3_interfaces/share/t3_interfaces/cmake/rosidl_cmake_export_typesupport_libraries-extras.cmake
[6.942s] -- Symlinking: /home/el-system/Documents/T3/ws_t3/install/t3_interfaces/share/t3_interfaces/cmake/t3_interfacesConfig.cmake
[6.944s] -- Symlinking: /home/el-system/Documents/T3/ws_t3/install/t3_interfaces/share/t3_interfaces/cmake/t3_interfacesConfig-version.cmake
[6.947s] -- Symlinking: /home/el-system/Documents/T3/ws_t3/install/t3_interfaces/share/t3_interfaces/package.xml
[6.949s] -- Installing: /home/el-system/Documents/T3/ws_t3/install/t3_interfaces/lib/libt3_interfaces__rosidl_generator_c.so
[6.949s] -- Set non-toolchain portion of runtime path of "/home/el-system/Documents/T3/ws_t3/install/t3_interfaces/lib/libt3_interfaces__rosidl_generator_c.so" to ""
[6.949s] -- Installing: /home/el-system/Documents/T3/ws_t3/install/t3_interfaces/lib/libt3_interfaces__rosidl_typesupport_fastrtps_c.so
[6.950s] -- Set non-toolchain portion of runtime path of "/home/el-system/Documents/T3/ws_t3/install/t3_interfaces/lib/libt3_interfaces__rosidl_typesupport_fastrtps_c.so" to ""
[6.950s] -- Installing: /home/el-system/Documents/T3/ws_t3/install/t3_interfaces/lib/libt3_interfaces__rosidl_typesupport_introspection_c.so
[6.950s] -- Set non-toolchain portion of runtime path of "/home/el-system/Documents/T3/ws_t3/install/t3_interfaces/lib/libt3_interfaces__rosidl_typesupport_introspection_c.so" to ""
[6.950s] -- Installing: /home/el-system/Documents/T3/ws_t3/install/t3_interfaces/lib/libt3_interfaces__rosidl_typesupport_c.so
[6.950s] -- Set non-toolchain portion of runtime path of "/home/el-system/Documents/T3/ws_t3/install/t3_interfaces/lib/libt3_interfaces__rosidl_typesupport_c.so" to ""
[6.950s] -- Installing: /home/el-system/Documents/T3/ws_t3/install/t3_interfaces/lib/libt3_interfaces__rosidl_typesupport_fastrtps_cpp.so
[6.950s] -- Set non-toolchain portion of runtime path of "/home/el-system/Documents/T3/ws_t3/install/t3_interfaces/lib/libt3_interfaces__rosidl_typesupport_fastrtps_cpp.so" to ""
[6.950s] -- Installing: /home/el-system/Documents/T3/ws_t3/install/t3_interfaces/lib/libt3_interfaces__rosidl_typesupport_introspection_cpp.so
[6.950s] -- Set non-toolchain portion of runtime path of "/home/el-system/Documents/T3/ws_t3/install/t3_interfaces/lib/libt3_interfaces__rosidl_typesupport_introspection_cpp.so" to ""
[6.950s] -- Installing: /home/el-system/Documents/T3/ws_t3/install/t3_interfaces/lib/libt3_interfaces__rosidl_typesupport_cpp.so
[6.950s] -- Set non-toolchain portion of runtime path of "/home/el-system/Documents/T3/ws_t3/install/t3_interfaces/lib/libt3_interfaces__rosidl_typesupport_cpp.so" to ""
[6.974s] Listing '/home/el-system/Documents/T3/ws_t3/install/t3_interfaces/local/lib/python3.10/dist-packages/t3_interfaces'...
[6.975s] Compiling '/home/el-system/Documents/T3/ws_t3/install/t3_interfaces/local/lib/python3.10/dist-packages/t3_interfaces/__init__.py'...
[6.975s] Listing '/home/el-system/Documents/T3/ws_t3/install/t3_interfaces/local/lib/python3.10/dist-packages/t3_interfaces/msg'...
[6.975s] Compiling '/home/el-system/Documents/T3/ws_t3/install/t3_interfaces/local/lib/python3.10/dist-packages/t3_interfaces/msg/__init__.py'...
[6.975s] Compiling '/home/el-system/Documents/T3/ws_t3/install/t3_interfaces/local/lib/python3.10/dist-packages/t3_interfaces/msg/_frame_info.py'...
[6.975s] Compiling '/home/el-system/Documents/T3/ws_t3/install/t3_interfaces/local/lib/python3.10/dist-packages/t3_interfaces/msg/_pose_estimate.py'...
[6.978s] -- Installing: /home/el-system/Documents/T3/ws_t3/install/t3_interfaces/lib/libt3_interfaces__rosidl_generator_py.so
[6.978s] -- Set non-toolchain portion of runtime path of "/home/el-system/Documents/T3/ws_t3/install/t3_interfaces/lib/libt3_interfaces__rosidl_generator_py.so" to ""
[6.978s] -- Installing: /home/el-system/Documents/T3/ws_t3/install/t3_interfaces/share/t3_interfaces/cmake/export_t3_interfaces__rosidl_generator_cExport.cmake
[6.978s] -- Installing: /home/el-system/Documents/T3/ws_t3/install/t3_interfaces/share/t3_interfaces/cmake/export_t3_interfaces__rosidl_generator_cExport-noconfig.cmake
[6.979s] -- Installing: /home/el-system/Documents/T3/ws_t3/install/t3_interfaces/share/t3_interfaces/cmake/export_t3_interfaces__rosidl_typesupport_fastrtps_cExport.cmake
[6.979s] -- Installing: /home/el-system/Documents/T3/ws_t3/install/t3_interfaces/share/t3_interfaces/cmake/export_t3_interfaces__rosidl_typesupport_fastrtps_cExport-noconfig.cmake
[6.979s] -- Installing: /home/el-system/Documents/T3/ws_t3/install/t3_interfaces/share/t3_interfaces/cmake/t3_interfaces__rosidl_typesupport_introspection_cExport.cmake
[6.979s] -- Installing: /home/el-system/Documents/T3/ws_t3/install/t3_interfaces/share/t3_interfaces/cmake/t3_interfaces__rosidl_typesupport_introspection_cExport-noconfig.cmake
[6.979s] -- Installing: /home/el-system/Documents/T3/ws_t3/install/t3_interfaces/share/t3_interfaces/cmake/t3_interfaces__rosidl_typesupport_cExport.cmake
[6.979s] -- Installing: /home/el-system/Documents/T3/ws_t3/install/t3_interfaces/share/t3_interfaces/cmake/t3_interfaces__rosidl_typesupport_cExport-noconfig.cmake
[6.979s] -- Installing: /home/el-system/Documents/T3/ws_t3/install/t3_interfaces/share/t3_interfaces/cmake/export_t3_interfaces__rosidl_generator_cppExport.cmake
[6.979s] -- Installing: /home/el-system/Documents/T3/ws_t3/install/t3_interfaces/share/t3_interfaces/cmake/export_t3_interfaces__rosidl_typesupport_fastrtps_cppExport.cmake
[6.979s] -- Installing: /home/el-system/Documents/T3/ws_t3/install/t3_interfaces/share/t3_interfaces/cmake/export_t3_interfaces__rosidl_typesupport_fastrtps_cppExport-noconfig.cmake
[6.980s] -- Installing: /home/el-system/Documents/T3/ws_t3/install/t3_interfaces/share/t3_interfaces/cmake/t3_interfaces__rosidl_typesupport_introspection_cppExport.cmake
[6.980s] -- Installing: /home/el-system/Documents/T3/ws_t3/install/t3_interfaces/share/t3_interfaces/cmake/t3_interfaces__rosidl_typesupport_introspection_cppExport-noconfig.cmake
[6.980s] -- Installing: /home/el-system/Documents/T3/ws_t3/install/t3_interfaces/share/t3_interfaces/cmake/t3_interfaces__rosidl_typesupport_cppExport.cmake
[6.980s] -- Installing: /home/el-system/Documents/T3/ws_t3/install/t3_interfaces/share/t3_interfaces/cmake/t3_interfaces__rosidl_typesupport_cppExport-noconfig.cmake
[6.980s] -- Installing: /home/el-system/Documents/T3/ws_t3/install/t3_interfaces/share/t3_interfaces/cmake/export_t3_interfaces__rosidl_generator_pyExport.cmake
[6.980s] -- Installing: /home/el-system/Documents/T3/ws_t3/install/t3_interfaces/share/t3_interfaces/cmake/export_t3_interfaces__rosidl_generator_pyExport-noconfig.cmake
[6.981s] Invoked command in '/home/el-system/Documents/T3/ws_t3/build/t3_interfaces' returned '0': CMAKE_PREFIX_PATH=${CMAKE_PREFIX_PATH}:/opt/ros/humble /usr/local/bin/cmake --install /home/el-system/Documents/T3/ws_t3/build/t3_interfaces
