[0.014s] Invoking command in '/home/el-system/Documents/T3/ws_t3/build/t3_pose_estimation': AMENT_PREFIX_PATH=/home/el-system/Documents/T3/ws_t3/install/t3_interfaces:${AMENT_PREFIX_PATH} CMAKE_PREFIX_PATH=/home/el-system/Documents/T3/ws_t3/install/t3_interfaces:/home/el-system/drone/drone_guidance/install/vision_video:/home/el-system/drone/drone_guidance/install/vision:/home/el-system/ros2_ws/install/mid360_simulation:/home/el-system/KRTI_2026_PX4/install/vision_video:/home/el-system/KRTI_2026_PX4/install/vision_krti:/home/el-system/KRTI_2026_PX4/install/vision_drop:/home/el-system/KRTI_2026_PX4/install/control:/opt/ros/humble LD_LIBRARY_PATH=/home/el-system/Documents/T3/ws_t3/install/t3_interfaces/lib:${LD_LIBRARY_PATH} PYTHONPATH=/home/el-system/Documents/T3/ws_t3/install/t3_interfaces/local/lib/python3.10/dist-packages:${PYTHONPATH} /usr/local/bin/cmake /home/el-system/Documents/T3/ws_t3/src/t3_pose_estimation -DAMENT_CMAKE_SYMLINK_INSTALL=1 -DCMAKE_INSTALL_PREFIX=/home/el-system/Documents/T3/ws_t3/install/t3_pose_estimation
[0.018s] CMake Deprecation Warning at CMakeLists.txt:1 (cmake_minimum_required):
[0.018s]   Compatibility with CMake < 3.10 will be removed from a future version of
[0.018s]   CMake.
[0.019s] 
[0.019s]   Update the VERSION argument <min> value.  Or, use the <min>...<max> syntax
[0.019s]   to tell CMake that the project requires at least <min> but has been updated
[0.019s]   to work with policies introduced by <max> or earlier.
[0.019s] 
[0.019s] 
[0.089s] -- The C compiler identification is GNU 11.4.0
[0.181s] -- The CXX compiler identification is GNU 11.4.0
[0.196s] -- Detecting C compiler ABI info
[0.265s] -- Detecting C compiler ABI info - done
[0.293s] -- Check for working C compiler: /usr/bin/cc - skipped
[0.294s] -- Detecting C compile features
[0.294s] -- Detecting C compile features - done
[0.311s] -- Detecting CXX compiler ABI info
[0.410s] -- Detecting CXX compiler ABI info - done
[0.435s] -- Check for working CXX compiler: /usr/bin/c++ - skipped
[0.435s] -- Detecting CXX compile features
[0.436s] -- Detecting CXX compile features - done
[0.451s] -- Found ament_cmake: 1.3.14 (/opt/ros/humble/share/ament_cmake/cmake)
[0.645s] -- Found Python3: /usr/bin/python3 (found version "3.10.12") found components: Interpreter
[0.720s] -- Override CMake install command with custom implementation using symlinks instead of copying resources
[0.794s] -- Found rclcpp: 16.0.19 (/opt/ros/humble/share/rclcpp/cmake)
[0.913s] -- Found rosidl_generator_c: 3.1.8 (/opt/ros/humble/share/rosidl_generator_c/cmake)
[0.927s] -- Found rosidl_adapter: 3.1.8 (/opt/ros/humble/share/rosidl_adapter/cmake)
[0.953s] -- Found rosidl_generator_cpp: 3.1.8 (/opt/ros/humble/share/rosidl_generator_cpp/cmake)
[0.992s] -- Using all available rosidl_typesupport_c: rosidl_typesupport_fastrtps_c;rosidl_typesupport_introspection_c
[1.043s] -- Using all available rosidl_typesupport_cpp: rosidl_typesupport_fastrtps_cpp;rosidl_typesupport_introspection_cpp
[1.178s] -- Found rmw_implementation_cmake: 6.1.2 (/opt/ros/humble/share/rmw_implementation_cmake/cmake)
[1.182s] -- Found rmw_fastrtps_cpp: 6.2.10 (/opt/ros/humble/share/rmw_fastrtps_cpp/cmake)
[1.314s] -- Found OpenSSL: /usr/lib/x86_64-linux-gnu/libcrypto.so (found version "3.0.2")
[1.363s] -- Found FastRTPS: /opt/ros/humble/include
[1.438s] -- Using RMW implementation 'rmw_fastrtps_cpp' as default
[1.451s] -- Performing Test CMAKE_HAVE_LIBC_PTHREAD
[1.531s] -- Performing Test CMAKE_HAVE_LIBC_PTHREAD - Success
[1.533s] -- Found Threads: TRUE
[1.627s] -- Found sensor_msgs: 4.9.1 (/opt/ros/humble/share/sensor_msgs/cmake)
[1.672s] -- Found nav_msgs: 4.9.1 (/opt/ros/humble/share/nav_msgs/cmake)
[1.698s] -- Found tf2_ros: 0.25.20 (/opt/ros/humble/share/tf2_ros/cmake)
[1.846s] -- Found cv_bridge: 3.2.1 (/opt/ros/humble/share/cv_bridge/cmake)
[1.856s] -- Found t3_interfaces: 0.1.0 (/home/el-system/Documents/T3/ws_t3/install/t3_interfaces/share/t3_interfaces/cmake)
[1.883s] CMake Error at /opt/cmake-4.1.2-linux-x86_64/share/cmake-4.1/Modules/FindPackageHandleStandardArgs.cmake:227 (message):
[1.883s]   Could NOT find OpenCV (missing: video) (found version "4.10.0")
[1.883s] Call Stack (most recent call first):
[1.883s]   /opt/cmake-4.1.2-linux-x86_64/share/cmake-4.1/Modules/FindPackageHandleStandardArgs.cmake:591 (_FPHSA_FAILURE_MESSAGE)
[1.883s]   /home/el-system/.local/opencv-4.10/lib/cmake/opencv4/OpenCVConfig.cmake:354 (find_package_handle_standard_args)
[1.883s]   CMakeLists.txt:24 (find_package)
[1.883s] 
[1.884s] 
[1.884s] -- Configuring incomplete, errors occurred!
[1.897s] Invoked command in '/home/el-system/Documents/T3/ws_t3/build/t3_pose_estimation' returned '1': AMENT_PREFIX_PATH=/home/el-system/Documents/T3/ws_t3/install/t3_interfaces:${AMENT_PREFIX_PATH} CMAKE_PREFIX_PATH=/home/el-system/Documents/T3/ws_t3/install/t3_interfaces:/home/el-system/drone/drone_guidance/install/vision_video:/home/el-system/drone/drone_guidance/install/vision:/home/el-system/ros2_ws/install/mid360_simulation:/home/el-system/KRTI_2026_PX4/install/vision_video:/home/el-system/KRTI_2026_PX4/install/vision_krti:/home/el-system/KRTI_2026_PX4/install/vision_drop:/home/el-system/KRTI_2026_PX4/install/control:/opt/ros/humble LD_LIBRARY_PATH=/home/el-system/Documents/T3/ws_t3/install/t3_interfaces/lib:${LD_LIBRARY_PATH} PYTHONPATH=/home/el-system/Documents/T3/ws_t3/install/t3_interfaces/local/lib/python3.10/dist-packages:${PYTHONPATH} /usr/local/bin/cmake /home/el-system/Documents/T3/ws_t3/src/t3_pose_estimation -DAMENT_CMAKE_SYMLINK_INSTALL=1 -DCMAKE_INSTALL_PREFIX=/home/el-system/Documents/T3/ws_t3/install/t3_pose_estimation
