[0.075s] DEBUG:colcon:Command line arguments: ['/usr/bin/colcon', 'build', '--symlink-install', '--packages-select', 't3_pose_estimation']
[0.075s] DEBUG:colcon:Parsed command line arguments: Namespace(log_base=None, log_level=None, verb_name='build', build_base='build', install_base='install', merge_install=False, symlink_install=True, test_result_base=None, continue_on_error=False, executor='parallel', parallel_workers=12, event_handlers=None, ignore_user_meta=False, metas=['./colcon.meta'], base_paths=['.'], packages_ignore=None, packages_ignore_regex=None, paths=None, packages_up_to=None, packages_up_to_regex=None, packages_above=None, packages_above_and_dependencies=None, packages_above_depth=None, packages_select_by_dep=None, packages_skip_by_dep=None, packages_skip_up_to=None, packages_select_build_failed=False, packages_skip_build_finished=False, packages_select_test_failures=False, packages_skip_test_passed=False, packages_select=['t3_pose_estimation'], packages_skip=None, packages_select_regex=None, packages_skip_regex=None, packages_start=None, packages_end=None, allow_overriding=[], cmake_args=None, cmake_target=None, cmake_target_skip_unavailable=False, cmake_clean_cache=False, cmake_clean_first=False, cmake_force_configure=False, ament_cmake_args=None, catkin_cmake_args=None, catkin_skip_building_tests=False, mixin_files=None, mixin=None, verb_parser=<colcon_mixin.mixin.mixin_argument.MixinArgumentDecorator object at 0x7583b68a89d0>, verb_extension=<colcon_core.verb.build.BuildVerb object at 0x7583b68a83a0>, main=<bound method BuildVerb.main of <colcon_core.verb.build.BuildVerb object at 0x7583b68a83a0>>, mixin_verb=('build',))
[0.231s] Level 1:colcon.colcon_core.package_discovery:discover_packages(colcon_meta) check parameters
[0.231s] Level 1:colcon.colcon_core.package_discovery:discover_packages(recursive) check parameters
[0.231s] Level 1:colcon.colcon_core.package_discovery:discover_packages(ignore) check parameters
[0.231s] Level 1:colcon.colcon_core.package_discovery:discover_packages(path) check parameters
[0.231s] Level 1:colcon.colcon_core.package_discovery:discover_packages(colcon_meta) discover
[0.231s] Level 1:colcon.colcon_core.package_discovery:discover_packages(recursive) discover
[0.231s] INFO:colcon.colcon_core.package_discovery:Crawling recursively for packages in '/home/el-system/Documents/T3/ws_t3'
[0.231s] Level 1:colcon.colcon_core.package_identification:_identify(.) by extensions ['ignore', 'ignore_ament_install']
[0.231s] Level 1:colcon.colcon_core.package_identification:_identify(.) by extension 'ignore'
[0.231s] Level 1:colcon.colcon_core.package_identification:_identify(.) by extension 'ignore_ament_install'
[0.231s] Level 1:colcon.colcon_core.package_identification:_identify(.) by extensions ['colcon_pkg']
[0.231s] Level 1:colcon.colcon_core.package_identification:_identify(.) by extension 'colcon_pkg'
[0.231s] Level 1:colcon.colcon_core.package_identification:_identify(.) by extensions ['colcon_meta']
[0.231s] Level 1:colcon.colcon_core.package_identification:_identify(.) by extension 'colcon_meta'
[0.231s] Level 1:colcon.colcon_core.package_identification:_identify(.) by extensions ['ros']
[0.231s] Level 1:colcon.colcon_core.package_identification:_identify(.) by extension 'ros'
[0.268s] Level 1:colcon.colcon_core.package_identification:_identify(.) by extensions ['cmake', 'python']
[0.268s] Level 1:colcon.colcon_core.package_identification:_identify(.) by extension 'cmake'
[0.268s] Level 1:colcon.colcon_core.package_identification:_identify(.) by extension 'python'
[0.268s] Level 1:colcon.colcon_core.package_identification:_identify(.) by extensions ['python_setup_py']
[0.268s] Level 1:colcon.colcon_core.package_identification:_identify(.) by extension 'python_setup_py'
[0.268s] Level 1:colcon.colcon_core.package_identification:_identify(build) by extensions ['ignore', 'ignore_ament_install']
[0.269s] Level 1:colcon.colcon_core.package_identification:_identify(build) by extension 'ignore'
[0.269s] Level 1:colcon.colcon_core.package_identification:_identify(build) ignored
[0.269s] Level 1:colcon.colcon_core.package_identification:_identify(install) by extensions ['ignore', 'ignore_ament_install']
[0.269s] Level 1:colcon.colcon_core.package_identification:_identify(install) by extension 'ignore'
[0.269s] Level 1:colcon.colcon_core.package_identification:_identify(install) ignored
[0.269s] Level 1:colcon.colcon_core.package_identification:_identify(log) by extensions ['ignore', 'ignore_ament_install']
[0.269s] Level 1:colcon.colcon_core.package_identification:_identify(log) by extension 'ignore'
[0.269s] Level 1:colcon.colcon_core.package_identification:_identify(log) ignored
[0.269s] Level 1:colcon.colcon_core.package_identification:_identify(src) by extensions ['ignore', 'ignore_ament_install']
[0.269s] Level 1:colcon.colcon_core.package_identification:_identify(src) by extension 'ignore'
[0.269s] Level 1:colcon.colcon_core.package_identification:_identify(src) by extension 'ignore_ament_install'
[0.269s] Level 1:colcon.colcon_core.package_identification:_identify(src) by extensions ['colcon_pkg']
[0.269s] Level 1:colcon.colcon_core.package_identification:_identify(src) by extension 'colcon_pkg'
[0.269s] Level 1:colcon.colcon_core.package_identification:_identify(src) by extensions ['colcon_meta']
[0.269s] Level 1:colcon.colcon_core.package_identification:_identify(src) by extension 'colcon_meta'
[0.269s] Level 1:colcon.colcon_core.package_identification:_identify(src) by extensions ['ros']
[0.269s] Level 1:colcon.colcon_core.package_identification:_identify(src) by extension 'ros'
[0.269s] Level 1:colcon.colcon_core.package_identification:_identify(src) by extensions ['cmake', 'python']
[0.269s] Level 1:colcon.colcon_core.package_identification:_identify(src) by extension 'cmake'
[0.269s] Level 1:colcon.colcon_core.package_identification:_identify(src) by extension 'python'
[0.269s] Level 1:colcon.colcon_core.package_identification:_identify(src) by extensions ['python_setup_py']
[0.269s] Level 1:colcon.colcon_core.package_identification:_identify(src) by extension 'python_setup_py'
[0.270s] Level 1:colcon.colcon_core.package_identification:_identify(src/t3_interfaces) by extensions ['ignore', 'ignore_ament_install']
[0.270s] Level 1:colcon.colcon_core.package_identification:_identify(src/t3_interfaces) by extension 'ignore'
[0.270s] Level 1:colcon.colcon_core.package_identification:_identify(src/t3_interfaces) by extension 'ignore_ament_install'
[0.270s] Level 1:colcon.colcon_core.package_identification:_identify(src/t3_interfaces) by extensions ['colcon_pkg']
[0.270s] Level 1:colcon.colcon_core.package_identification:_identify(src/t3_interfaces) by extension 'colcon_pkg'
[0.270s] Level 1:colcon.colcon_core.package_identification:_identify(src/t3_interfaces) by extensions ['colcon_meta']
[0.270s] Level 1:colcon.colcon_core.package_identification:_identify(src/t3_interfaces) by extension 'colcon_meta'
[0.270s] Level 1:colcon.colcon_core.package_identification:_identify(src/t3_interfaces) by extensions ['ros']
[0.270s] Level 1:colcon.colcon_core.package_identification:_identify(src/t3_interfaces) by extension 'ros'
[0.273s] DEBUG:colcon.colcon_core.package_identification:Package 'src/t3_interfaces' with type 'ros.ament_cmake' and name 't3_interfaces'
[0.273s] Level 1:colcon.colcon_core.package_identification:_identify(src/t3_pose_estimation) by extensions ['ignore', 'ignore_ament_install']
[0.273s] Level 1:colcon.colcon_core.package_identification:_identify(src/t3_pose_estimation) by extension 'ignore'
[0.273s] Level 1:colcon.colcon_core.package_identification:_identify(src/t3_pose_estimation) by extension 'ignore_ament_install'
[0.273s] Level 1:colcon.colcon_core.package_identification:_identify(src/t3_pose_estimation) by extensions ['colcon_pkg']
[0.273s] Level 1:colcon.colcon_core.package_identification:_identify(src/t3_pose_estimation) by extension 'colcon_pkg'
[0.273s] Level 1:colcon.colcon_core.package_identification:_identify(src/t3_pose_estimation) by extensions ['colcon_meta']
[0.273s] Level 1:colcon.colcon_core.package_identification:_identify(src/t3_pose_estimation) by extension 'colcon_meta'
[0.273s] Level 1:colcon.colcon_core.package_identification:_identify(src/t3_pose_estimation) by extensions ['ros']
[0.273s] Level 1:colcon.colcon_core.package_identification:_identify(src/t3_pose_estimation) by extension 'ros'
[0.274s] DEBUG:colcon.colcon_core.package_identification:Package 'src/t3_pose_estimation' with type 'ros.ament_cmake' and name 't3_pose_estimation'
[0.274s] Level 1:colcon.colcon_core.package_discovery:discover_packages(recursive) using defaults
[0.274s] Level 1:colcon.colcon_core.package_discovery:discover_packages(ignore) discover
[0.274s] Level 1:colcon.colcon_core.package_discovery:discover_packages(ignore) using defaults
[0.274s] Level 1:colcon.colcon_core.package_discovery:discover_packages(path) discover
[0.274s] Level 1:colcon.colcon_core.package_discovery:discover_packages(path) using defaults
[0.291s] INFO:colcon.colcon_core.package_selection:Skipping not selected package 't3_interfaces' in 'src/t3_interfaces'
[0.291s] Level 1:colcon.colcon_core.package_discovery:discover_packages(prefix_path) check parameters
[0.292s] Level 1:colcon.colcon_core.package_discovery:discover_packages(prefix_path) discover
[0.293s] DEBUG:colcon.colcon_installed_package_information.package_discovery:Found 2 installed packages in /home/el-system/drone/drone_guidance/install
[0.293s] DEBUG:colcon.colcon_installed_package_information.package_discovery:Found 4 installed packages in /home/el-system/ros2_ws/install
[0.294s] DEBUG:colcon.colcon_installed_package_information.package_discovery:Found 4 installed packages in /home/el-system/KRTI_2026_PX4/install
[0.295s] DEBUG:colcon.colcon_installed_package_information.package_discovery:Found 296 installed packages in /opt/ros/humble
[0.296s] Level 1:colcon.colcon_core.package_discovery:discover_packages(prefix_path) using defaults
[0.325s] Level 5:colcon.colcon_core.verb:set package 't3_pose_estimation' build argument 'cmake_args' from command line to 'None'
[0.325s] Level 5:colcon.colcon_core.verb:set package 't3_pose_estimation' build argument 'cmake_target' from command line to 'None'
[0.325s] Level 5:colcon.colcon_core.verb:set package 't3_pose_estimation' build argument 'cmake_target_skip_unavailable' from command line to 'False'
[0.325s] Level 5:colcon.colcon_core.verb:set package 't3_pose_estimation' build argument 'cmake_clean_cache' from command line to 'False'
[0.325s] Level 5:colcon.colcon_core.verb:set package 't3_pose_estimation' build argument 'cmake_clean_first' from command line to 'False'
[0.325s] Level 5:colcon.colcon_core.verb:set package 't3_pose_estimation' build argument 'cmake_force_configure' from command line to 'False'
[0.325s] Level 5:colcon.colcon_core.verb:set package 't3_pose_estimation' build argument 'ament_cmake_args' from command line to 'None'
[0.326s] Level 5:colcon.colcon_core.verb:set package 't3_pose_estimation' build argument 'catkin_cmake_args' from command line to 'None'
[0.326s] Level 5:colcon.colcon_core.verb:set package 't3_pose_estimation' build argument 'catkin_skip_building_tests' from command line to 'False'
[0.326s] DEBUG:colcon.colcon_core.verb:Building package 't3_pose_estimation' with the following arguments: {'ament_cmake_args': None, 'build_base': '/home/el-system/Documents/T3/ws_t3/build/t3_pose_estimation', 'catkin_cmake_args': None, 'catkin_skip_building_tests': False, 'cmake_args': None, 'cmake_clean_cache': False, 'cmake_clean_first': False, 'cmake_force_configure': False, 'cmake_target': None, 'cmake_target_skip_unavailable': False, 'install_base': '/home/el-system/Documents/T3/ws_t3/install/t3_pose_estimation', 'merge_install': False, 'path': '/home/el-system/Documents/T3/ws_t3/src/t3_pose_estimation', 'symlink_install': True, 'test_result_base': None}
[0.326s] INFO:colcon.colcon_core.executor:Executing jobs using 'parallel' executor
[0.327s] DEBUG:colcon.colcon_parallel_executor.executor.parallel:run_until_complete
[0.327s] INFO:colcon.colcon_ros.task.ament_cmake.build:Building ROS package in '/home/el-system/Documents/T3/ws_t3/src/t3_pose_estimation' with build type 'ament_cmake'
[0.327s] INFO:colcon.colcon_cmake.task.cmake.build:Building CMake package in '/home/el-system/Documents/T3/ws_t3/src/t3_pose_estimation'
[0.329s] INFO:colcon.colcon_core.plugin_system:Skipping extension 'colcon_core.shell.bat': Not used on non-Windows systems
[0.329s] INFO:colcon.colcon_core.shell:Skip shell extension 'powershell' for command environment: Not usable outside of PowerShell
[0.329s] DEBUG:colcon.colcon_core.shell:Skip shell extension 'dsv' for command environment
[0.343s] DEBUG:colcon.colcon_core.event_handler.log_command:Invoking command in '/home/el-system/Documents/T3/ws_t3/build/t3_pose_estimation': AMENT_PREFIX_PATH=/home/el-system/Documents/T3/ws_t3/install/t3_interfaces:${AMENT_PREFIX_PATH} CMAKE_PREFIX_PATH=/home/el-system/Documents/T3/ws_t3/install/t3_interfaces:/home/el-system/drone/drone_guidance/install/vision_video:/home/el-system/drone/drone_guidance/install/vision:/home/el-system/ros2_ws/install/mid360_simulation:/home/el-system/KRTI_2026_PX4/install/vision_video:/home/el-system/KRTI_2026_PX4/install/vision_krti:/home/el-system/KRTI_2026_PX4/install/vision_drop:/home/el-system/KRTI_2026_PX4/install/control:/opt/ros/humble LD_LIBRARY_PATH=/home/el-system/Documents/T3/ws_t3/install/t3_interfaces/lib:${LD_LIBRARY_PATH} PYTHONPATH=/home/el-system/Documents/T3/ws_t3/install/t3_interfaces/local/lib/python3.10/dist-packages:${PYTHONPATH} /usr/local/bin/cmake --build /home/el-system/Documents/T3/ws_t3/build/t3_pose_estimation -- -j12 -l12
[8.999s] DEBUG:colcon.colcon_core.event_handler.log_command:Invoked command in '/home/el-system/Documents/T3/ws_t3/build/t3_pose_estimation' returned '0': AMENT_PREFIX_PATH=/home/el-system/Documents/T3/ws_t3/install/t3_interfaces:${AMENT_PREFIX_PATH} CMAKE_PREFIX_PATH=/home/el-system/Documents/T3/ws_t3/install/t3_interfaces:/home/el-system/drone/drone_guidance/install/vision_video:/home/el-system/drone/drone_guidance/install/vision:/home/el-system/ros2_ws/install/mid360_simulation:/home/el-system/KRTI_2026_PX4/install/vision_video:/home/el-system/KRTI_2026_PX4/install/vision_krti:/home/el-system/KRTI_2026_PX4/install/vision_drop:/home/el-system/KRTI_2026_PX4/install/control:/opt/ros/humble LD_LIBRARY_PATH=/home/el-system/Documents/T3/ws_t3/install/t3_interfaces/lib:${LD_LIBRARY_PATH} PYTHONPATH=/home/el-system/Documents/T3/ws_t3/install/t3_interfaces/local/lib/python3.10/dist-packages:${PYTHONPATH} /usr/local/bin/cmake --build /home/el-system/Documents/T3/ws_t3/build/t3_pose_estimation -- -j12 -l12
[9.002s] DEBUG:colcon.colcon_core.event_handler.log_command:Invoking command in '/home/el-system/Documents/T3/ws_t3/build/t3_pose_estimation': AMENT_PREFIX_PATH=/home/el-system/Documents/T3/ws_t3/install/t3_interfaces:${AMENT_PREFIX_PATH} CMAKE_PREFIX_PATH=/home/el-system/Documents/T3/ws_t3/install/t3_interfaces:/home/el-system/drone/drone_guidance/install/vision_video:/home/el-system/drone/drone_guidance/install/vision:/home/el-system/ros2_ws/install/mid360_simulation:/home/el-system/KRTI_2026_PX4/install/vision_video:/home/el-system/KRTI_2026_PX4/install/vision_krti:/home/el-system/KRTI_2026_PX4/install/vision_drop:/home/el-system/KRTI_2026_PX4/install/control:/opt/ros/humble LD_LIBRARY_PATH=/home/el-system/Documents/T3/ws_t3/install/t3_interfaces/lib:${LD_LIBRARY_PATH} PYTHONPATH=/home/el-system/Documents/T3/ws_t3/install/t3_interfaces/local/lib/python3.10/dist-packages:${PYTHONPATH} /usr/local/bin/cmake --install /home/el-system/Documents/T3/ws_t3/build/t3_pose_estimation
[9.010s] Level 1:colcon.colcon_core.environment:create_environment_scripts_only(t3_pose_estimation)
[9.011s] DEBUG:colcon.colcon_core.event_handler.log_command:Invoked command in '/home/el-system/Documents/T3/ws_t3/build/t3_pose_estimation' returned '0': AMENT_PREFIX_PATH=/home/el-system/Documents/T3/ws_t3/install/t3_interfaces:${AMENT_PREFIX_PATH} CMAKE_PREFIX_PATH=/home/el-system/Documents/T3/ws_t3/install/t3_interfaces:/home/el-system/drone/drone_guidance/install/vision_video:/home/el-system/drone/drone_guidance/install/vision:/home/el-system/ros2_ws/install/mid360_simulation:/home/el-system/KRTI_2026_PX4/install/vision_video:/home/el-system/KRTI_2026_PX4/install/vision_krti:/home/el-system/KRTI_2026_PX4/install/vision_drop:/home/el-system/KRTI_2026_PX4/install/control:/opt/ros/humble LD_LIBRARY_PATH=/home/el-system/Documents/T3/ws_t3/install/t3_interfaces/lib:${LD_LIBRARY_PATH} PYTHONPATH=/home/el-system/Documents/T3/ws_t3/install/t3_interfaces/local/lib/python3.10/dist-packages:${PYTHONPATH} /usr/local/bin/cmake --install /home/el-system/Documents/T3/ws_t3/build/t3_pose_estimation
[9.013s] Level 1:colcon.colcon_core.environment:checking '/home/el-system/Documents/T3/ws_t3/install/t3_pose_estimation' for CMake module files
[9.014s] Level 1:colcon.colcon_core.environment:checking '/home/el-system/Documents/T3/ws_t3/install/t3_pose_estimation' for CMake config files
[9.014s] Level 1:colcon.colcon_core.shell:create_environment_hook('t3_pose_estimation', 'cmake_prefix_path')
[9.014s] INFO:colcon.colcon_core.shell:Creating environment hook '/home/el-system/Documents/T3/ws_t3/install/t3_pose_estimation/share/t3_pose_estimation/hook/cmake_prefix_path.ps1'
[9.015s] INFO:colcon.colcon_core.shell:Creating environment descriptor '/home/el-system/Documents/T3/ws_t3/install/t3_pose_estimation/share/t3_pose_estimation/hook/cmake_prefix_path.dsv'
[9.015s] INFO:colcon.colcon_core.shell:Creating environment hook '/home/el-system/Documents/T3/ws_t3/install/t3_pose_estimation/share/t3_pose_estimation/hook/cmake_prefix_path.sh'
[9.016s] Level 1:colcon.colcon_core.environment:checking '/home/el-system/Documents/T3/ws_t3/install/t3_pose_estimation/lib'
[9.016s] Level 1:colcon.colcon_core.environment:checking '/home/el-system/Documents/T3/ws_t3/install/t3_pose_estimation/bin'
[9.016s] Level 1:colcon.colcon_core.environment:checking '/home/el-system/Documents/T3/ws_t3/install/t3_pose_estimation/lib/pkgconfig/t3_pose_estimation.pc'
[9.016s] Level 1:colcon.colcon_core.environment:checking '/home/el-system/Documents/T3/ws_t3/install/t3_pose_estimation/lib/python3.10/site-packages'
[9.016s] Level 1:colcon.colcon_core.environment:checking '/home/el-system/Documents/T3/ws_t3/install/t3_pose_estimation/bin'
[9.017s] INFO:colcon.colcon_core.shell:Creating package script '/home/el-system/Documents/T3/ws_t3/install/t3_pose_estimation/share/t3_pose_estimation/package.ps1'
[9.018s] INFO:colcon.colcon_core.shell:Creating package descriptor '/home/el-system/Documents/T3/ws_t3/install/t3_pose_estimation/share/t3_pose_estimation/package.dsv'
[9.018s] INFO:colcon.colcon_core.shell:Creating package script '/home/el-system/Documents/T3/ws_t3/install/t3_pose_estimation/share/t3_pose_estimation/package.sh'
[9.019s] INFO:colcon.colcon_core.shell:Creating package script '/home/el-system/Documents/T3/ws_t3/install/t3_pose_estimation/share/t3_pose_estimation/package.bash'
[9.020s] INFO:colcon.colcon_core.shell:Creating package script '/home/el-system/Documents/T3/ws_t3/install/t3_pose_estimation/share/t3_pose_estimation/package.zsh'
[9.020s] Level 1:colcon.colcon_core.environment:create_file_with_runtime_dependencies(/home/el-system/Documents/T3/ws_t3/install/t3_pose_estimation/share/colcon-core/packages/t3_pose_estimation)
[9.021s] Level 1:colcon.colcon_core.environment:create_environment_scripts_only(t3_pose_estimation)
[9.021s] Level 1:colcon.colcon_core.environment:checking '/home/el-system/Documents/T3/ws_t3/install/t3_pose_estimation' for CMake module files
[9.022s] Level 1:colcon.colcon_core.environment:checking '/home/el-system/Documents/T3/ws_t3/install/t3_pose_estimation' for CMake config files
[9.022s] Level 1:colcon.colcon_core.shell:create_environment_hook('t3_pose_estimation', 'cmake_prefix_path')
[9.022s] INFO:colcon.colcon_core.shell:Creating environment hook '/home/el-system/Documents/T3/ws_t3/install/t3_pose_estimation/share/t3_pose_estimation/hook/cmake_prefix_path.ps1'
[9.023s] INFO:colcon.colcon_core.shell:Creating environment descriptor '/home/el-system/Documents/T3/ws_t3/install/t3_pose_estimation/share/t3_pose_estimation/hook/cmake_prefix_path.dsv'
[9.023s] INFO:colcon.colcon_core.shell:Creating environment hook '/home/el-system/Documents/T3/ws_t3/install/t3_pose_estimation/share/t3_pose_estimation/hook/cmake_prefix_path.sh'
[9.024s] Level 1:colcon.colcon_core.environment:checking '/home/el-system/Documents/T3/ws_t3/install/t3_pose_estimation/lib'
[9.024s] Level 1:colcon.colcon_core.environment:checking '/home/el-system/Documents/T3/ws_t3/install/t3_pose_estimation/bin'
[9.024s] Level 1:colcon.colcon_core.environment:checking '/home/el-system/Documents/T3/ws_t3/install/t3_pose_estimation/lib/pkgconfig/t3_pose_estimation.pc'
[9.024s] Level 1:colcon.colcon_core.environment:checking '/home/el-system/Documents/T3/ws_t3/install/t3_pose_estimation/lib/python3.10/site-packages'
[9.025s] Level 1:colcon.colcon_core.environment:checking '/home/el-system/Documents/T3/ws_t3/install/t3_pose_estimation/bin'
[9.025s] INFO:colcon.colcon_core.shell:Creating package script '/home/el-system/Documents/T3/ws_t3/install/t3_pose_estimation/share/t3_pose_estimation/package.ps1'
[9.026s] INFO:colcon.colcon_core.shell:Creating package descriptor '/home/el-system/Documents/T3/ws_t3/install/t3_pose_estimation/share/t3_pose_estimation/package.dsv'
[9.026s] INFO:colcon.colcon_core.shell:Creating package script '/home/el-system/Documents/T3/ws_t3/install/t3_pose_estimation/share/t3_pose_estimation/package.sh'
[9.026s] INFO:colcon.colcon_core.shell:Creating package script '/home/el-system/Documents/T3/ws_t3/install/t3_pose_estimation/share/t3_pose_estimation/package.bash'
[9.027s] INFO:colcon.colcon_core.shell:Creating package script '/home/el-system/Documents/T3/ws_t3/install/t3_pose_estimation/share/t3_pose_estimation/package.zsh'
[9.027s] Level 1:colcon.colcon_core.environment:create_file_with_runtime_dependencies(/home/el-system/Documents/T3/ws_t3/install/t3_pose_estimation/share/colcon-core/packages/t3_pose_estimation)
[9.027s] DEBUG:colcon.colcon_parallel_executor.executor.parallel:closing loop
[9.027s] DEBUG:colcon.colcon_parallel_executor.executor.parallel:loop closed
[9.027s] DEBUG:colcon.colcon_parallel_executor.executor.parallel:run_until_complete finished with '0'
[9.027s] DEBUG:colcon.colcon_core.event_reactor:joining thread
[9.032s] INFO:colcon.colcon_core.plugin_system:Skipping extension 'colcon_notification.desktop_notification.terminal_notifier': Not used on non-Darwin systems
[9.032s] INFO:colcon.colcon_core.plugin_system:Skipping extension 'colcon_notification.desktop_notification.win32': Not used on non-Windows systems
[9.032s] INFO:colcon.colcon_notification.desktop_notification:Sending desktop notification using 'notify2'
[9.043s] DEBUG:colcon.colcon_core.event_reactor:joined thread
[9.044s] INFO:colcon.colcon_core.shell:Creating prefix script '/home/el-system/Documents/T3/ws_t3/install/local_setup.ps1'
[9.045s] INFO:colcon.colcon_core.shell:Creating prefix util module '/home/el-system/Documents/T3/ws_t3/install/_local_setup_util_ps1.py'
[9.046s] INFO:colcon.colcon_core.shell:Creating prefix chain script '/home/el-system/Documents/T3/ws_t3/install/setup.ps1'
[9.046s] INFO:colcon.colcon_core.shell:Creating prefix script '/home/el-system/Documents/T3/ws_t3/install/local_setup.sh'
[9.047s] INFO:colcon.colcon_core.shell:Creating prefix util module '/home/el-system/Documents/T3/ws_t3/install/_local_setup_util_sh.py'
[9.047s] INFO:colcon.colcon_core.shell:Creating prefix chain script '/home/el-system/Documents/T3/ws_t3/install/setup.sh'
[9.048s] INFO:colcon.colcon_core.shell:Creating prefix script '/home/el-system/Documents/T3/ws_t3/install/local_setup.bash'
[9.048s] INFO:colcon.colcon_core.shell:Creating prefix chain script '/home/el-system/Documents/T3/ws_t3/install/setup.bash'
[9.049s] INFO:colcon.colcon_core.shell:Creating prefix script '/home/el-system/Documents/T3/ws_t3/install/local_setup.zsh'
[9.049s] INFO:colcon.colcon_core.shell:Creating prefix chain script '/home/el-system/Documents/T3/ws_t3/install/setup.zsh'
